[04-May-2019 00:14:12 UTC] PHP Warning:  mysqli_fetch_assoc() expects parameter 1 to be mysqli_result, boolean given in /home/ubuntu/workspace/DAW REPO/ABAK-ControlEgresados/Proyecto/New Interfaces/Proyecto/php/verAlumnos.php on line 4
[04-May-2019 00:14:12 UTC] PHP Stack trace:
[04-May-2019 00:14:12 UTC] PHP   1. {main}() /home/ubuntu/workspace/DAW REPO/ABAK-ControlEgresados/Proyecto/New Interfaces/Proyecto/php/verAlumnos.php:0
[04-May-2019 00:14:12 UTC] PHP   2. mysqli_fetch_assoc() /home/ubuntu/workspace/DAW REPO/ABAK-ControlEgresados/Proyecto/New Interfaces/Proyecto/php/verAlumnos.php:4
[04-May-2019 00:14:12 UTC] PHP Warning:  mysqli_free_result() expects parameter 1 to be mysqli_result, boolean given in /home/ubuntu/workspace/DAW REPO/ABAK-ControlEgresados/Proyecto/New Interfaces/Proyecto/php/verAlumnos.php on line 8
[04-May-2019 00:14:12 UTC] PHP Stack trace:
[04-May-2019 00:14:12 UTC] PHP   1. {main}() /home/ubuntu/workspace/DAW REPO/ABAK-ControlEgresados/Proyecto/New Interfaces/Proyecto/php/verAlumnos.php:0
[04-May-2019 00:14:12 UTC] PHP   2. mysqli_free_result() /home/ubuntu/workspace/DAW REPO/ABAK-ControlEgresados/Proyecto/New Interfaces/Proyecto/php/verAlumnos.php:8
[04-May-2019 00:20:44 UTC] PHP Warning:  mysqli_fetch_assoc() expects parameter 1 to be mysqli_result, boolean given in /home/ubuntu/workspace/DAW REPO/ABAK-ControlEgresados/Proyecto/New Interfaces/Proyecto/php/verAlumnos.php on line 4
[04-May-2019 00:20:44 UTC] PHP Stack trace:
[04-May-2019 00:20:44 UTC] PHP   1. {main}() /home/ubuntu/workspace/DAW REPO/ABAK-ControlEgresados/Proyecto/New Interfaces/Proyecto/php/verAlumnos.php:0
[04-May-2019 00:20:44 UTC] PHP   2. mysqli_fetch_assoc() /home/ubuntu/workspace/DAW REPO/ABAK-ControlEgresados/Proyecto/New Interfaces/Proyecto/php/verAlumnos.php:4
[04-May-2019 00:20:44 UTC] PHP Warning:  mysqli_free_result() expects parameter 1 to be mysqli_result, boolean given in /home/ubuntu/workspace/DAW REPO/ABAK-ControlEgresados/Proyecto/New Interfaces/Proyecto/php/verAlumnos.php on line 8
[04-May-2019 00:20:44 UTC] PHP Stack trace:
[04-May-2019 00:20:44 UTC] PHP   1. {main}() /home/ubuntu/workspace/DAW REPO/ABAK-ControlEgresados/Proyecto/New Interfaces/Proyecto/php/verAlumnos.php:0
[04-May-2019 00:20:44 UTC] PHP   2. mysqli_free_result() /home/ubuntu/workspace/DAW REPO/ABAK-ControlEgresados/Proyecto/New Interfaces/Proyecto/php/verAlumnos.php:8
[04-May-2019 01:59:32 UTC] PHP Warning:  mysqli_fetch_assoc() expects parameter 1 to be mysqli_result, boolean given in /home/ubuntu/workspace/DAW REPO/ABAK-ControlEgresados/Proyecto/New Interfaces/Proyecto/php/verAlumnos.php on line 4
[04-May-2019 01:59:32 UTC] PHP Stack trace:
[04-May-2019 01:59:32 UTC] PHP   1. {main}() /home/ubuntu/workspace/DAW REPO/ABAK-ControlEgresados/Proyecto/New Interfaces/Proyecto/php/verAlumnos.php:0
[04-May-2019 01:59:32 UTC] PHP   2. mysqli_fetch_assoc() /home/ubuntu/workspace/DAW REPO/ABAK-ControlEgresados/Proyecto/New Interfaces/Proyecto/php/verAlumnos.php:4
[04-May-2019 01:59:32 UTC] PHP Warning:  mysqli_free_result() expects parameter 1 to be mysqli_result, boolean given in /home/ubuntu/workspace/DAW REPO/ABAK-ControlEgresados/Proyecto/New Interfaces/Proyecto/php/verAlumnos.php on line 8
[04-May-2019 01:59:32 UTC] PHP Stack trace:
[04-May-2019 01:59:32 UTC] PHP   1. {main}() /home/ubuntu/workspace/DAW REPO/ABAK-ControlEgresados/Proyecto/New Interfaces/Proyecto/php/verAlumnos.php:0
[04-May-2019 01:59:32 UTC] PHP   2. mysqli_free_result() /home/ubuntu/workspace/DAW REPO/ABAK-ControlEgresados/Proyecto/New Interfaces/Proyecto/php/verAlumnos.php:8
[04-May-2019 02:09:07 UTC] PHP Warning:  mysqli_fetch_assoc() expects parameter 1 to be mysqli_result, boolean given in /home/ubuntu/workspace/DAW REPO/ABAK-ControlEgresados/Proyecto/New Interfaces/Proyecto/php/verAlumnos.php on line 4
[04-May-2019 02:09:07 UTC] PHP Stack trace:
[04-May-2019 02:09:07 UTC] PHP   1. {main}() /home/ubuntu/workspace/DAW REPO/ABAK-ControlEgresados/Proyecto/New Interfaces/Proyecto/php/verAlumnos.php:0
[04-May-2019 02:09:07 UTC] PHP   2. mysqli_fetch_assoc() /home/ubuntu/workspace/DAW REPO/ABAK-ControlEgresados/Proyecto/New Interfaces/Proyecto/php/verAlumnos.php:4
[04-May-2019 02:09:07 UTC] PHP Warning:  mysqli_free_result() expects parameter 1 to be mysqli_result, boolean given in /home/ubuntu/workspace/DAW REPO/ABAK-ControlEgresados/Proyecto/New Interfaces/Proyecto/php/verAlumnos.php on line 8
[04-May-2019 02:09:07 UTC] PHP Stack trace:
[04-May-2019 02:09:07 UTC] PHP   1. {main}() /home/ubuntu/workspace/DAW REPO/ABAK-ControlEgresados/Proyecto/New Interfaces/Proyecto/php/verAlumnos.php:0
[04-May-2019 02:09:07 UTC] PHP   2. mysqli_free_result() /home/ubuntu/workspace/DAW REPO/ABAK-ControlEgresados/Proyecto/New Interfaces/Proyecto/php/verAlumnos.php:8
[04-May-2019 02:09:50 UTC] PHP Warning:  mysqli_fetch_assoc() expects parameter 1 to be mysqli_result, boolean given in /home/ubuntu/workspace/DAW REPO/ABAK-ControlEgresados/Proyecto/New Interfaces/Proyecto/php/verAlumnos.php on line 4
[04-May-2019 02:09:50 UTC] PHP Stack trace:
[04-May-2019 02:09:50 UTC] PHP   1. {main}() /home/ubuntu/workspace/DAW REPO/ABAK-ControlEgresados/Proyecto/New Interfaces/Proyecto/php/verAlumnos.php:0
[04-May-2019 02:09:50 UTC] PHP   2. mysqli_fetch_assoc() /home/ubuntu/workspace/DAW REPO/ABAK-ControlEgresados/Proyecto/New Interfaces/Proyecto/php/verAlumnos.php:4
[04-May-2019 02:09:50 UTC] PHP Warning:  mysqli_free_result() expects parameter 1 to be mysqli_result, boolean given in /home/ubuntu/workspace/DAW REPO/ABAK-ControlEgresados/Proyecto/New Interfaces/Proyecto/php/verAlumnos.php on line 8
[04-May-2019 02:09:50 UTC] PHP Stack trace:
[04-May-2019 02:09:50 UTC] PHP   1. {main}() /home/ubuntu/workspace/DAW REPO/ABAK-ControlEgresados/Proyecto/New Interfaces/Proyecto/php/verAlumnos.php:0
[04-May-2019 02:09:50 UTC] PHP   2. mysqli_free_result() /home/ubuntu/workspace/DAW REPO/ABAK-ControlEgresados/Proyecto/New Interfaces/Proyecto/php/verAlumnos.php:8
[04-May-2019 02:17:38 UTC] PHP Warning:  mysqli_fetch_assoc() expects parameter 1 to be mysqli_result, boolean given in /home/ubuntu/workspace/DAW REPO/ABAK-ControlEgresados/Proyecto/New Interfaces/Proyecto/php/verAlumnos.php on line 4
[04-May-2019 02:17:38 UTC] PHP Stack trace:
[04-May-2019 02:17:38 UTC] PHP   1. {main}() /home/ubuntu/workspace/DAW REPO/ABAK-ControlEgresados/Proyecto/New Interfaces/Proyecto/php/verAlumnos.php:0
[04-May-2019 02:17:38 UTC] PHP   2. mysqli_fetch_assoc() /home/ubuntu/workspace/DAW REPO/ABAK-ControlEgresados/Proyecto/New Interfaces/Proyecto/php/verAlumnos.php:4
[04-May-2019 02:17:38 UTC] PHP Warning:  mysqli_free_result() expects parameter 1 to be mysqli_result, boolean given in /home/ubuntu/workspace/DAW REPO/ABAK-ControlEgresados/Proyecto/New Interfaces/Proyecto/php/verAlumnos.php on line 8
[04-May-2019 02:17:38 UTC] PHP Stack trace:
[04-May-2019 02:17:38 UTC] PHP   1. {main}() /home/ubuntu/workspace/DAW REPO/ABAK-ControlEgresados/Proyecto/New Interfaces/Proyecto/php/verAlumnos.php:0
[04-May-2019 02:17:38 UTC] PHP   2. mysqli_free_result() /home/ubuntu/workspace/DAW REPO/ABAK-ControlEgresados/Proyecto/New Interfaces/Proyecto/php/verAlumnos.php:8
[04-May-2019 03:43:17 UTC] PHP Warning:  mysql_fetch_array() expects parameter 1 to be resource, object given in /home/ubuntu/workspace/DAW REPO/ABAK-ControlEgresados/Proyecto/New Interfaces/Proyecto/php/utils.php on line 897
[04-May-2019 03:43:17 UTC] PHP Stack trace:
[04-May-2019 03:43:17 UTC] PHP   1. {main}() /home/ubuntu/workspace/DAW REPO/ABAK-ControlEgresados/Proyecto/New Interfaces/Proyecto/php/cambiarEstatusEncuesta.php:0
[04-May-2019 03:43:17 UTC] PHP   2. surveyIsActive() /home/ubuntu/workspace/DAW REPO/ABAK-ControlEgresados/Proyecto/New Interfaces/Proyecto/php/cambiarEstatusEncuesta.php:5
[04-May-2019 03:43:17 UTC] PHP   3. mysql_fetch_array() /home/ubuntu/workspace/DAW REPO/ABAK-ControlEgresados/Proyecto/New Interfaces/Proyecto/php/utils.php:897
[04-May-2019 03:43:23 UTC] PHP Warning:  mysql_fetch_array() expects parameter 1 to be resource, object given in /home/ubuntu/workspace/DAW REPO/ABAK-ControlEgresados/Proyecto/New Interfaces/Proyecto/php/utils.php on line 897
[04-May-2019 03:43:23 UTC] PHP Stack trace:
[04-May-2019 03:43:23 UTC] PHP   1. {main}() /home/ubuntu/workspace/DAW REPO/ABAK-ControlEgresados/Proyecto/New Interfaces/Proyecto/php/cambiarEstatusEncuesta.php:0
[04-May-2019 03:43:23 UTC] PHP   2. surveyIsActive() /home/ubuntu/workspace/DAW REPO/ABAK-ControlEgresados/Proyecto/New Interfaces/Proyecto/php/cambiarEstatusEncuesta.php:5
[04-May-2019 03:43:23 UTC] PHP   3. mysql_fetch_array() /home/ubuntu/workspace/DAW REPO/ABAK-ControlEgresados/Proyecto/New Interfaces/Proyecto/php/utils.php:897
[04-May-2019 03:43:32 UTC] PHP Warning:  mysql_fetch_array() expects parameter 1 to be resource, object given in /home/ubuntu/workspace/DAW REPO/ABAK-ControlEgresados/Proyecto/New Interfaces/Proyecto/php/utils.php on line 897
[04-May-2019 03:43:32 UTC] PHP Stack trace:
[04-May-2019 03:43:32 UTC] PHP   1. {main}() /home/ubuntu/workspace/DAW REPO/ABAK-ControlEgresados/Proyecto/New Interfaces/Proyecto/php/cambiarEstatusEncuesta.php:0
[04-May-2019 03:43:32 UTC] PHP   2. surveyIsActive() /home/ubuntu/workspace/DAW REPO/ABAK-ControlEgresados/Proyecto/New Interfaces/Proyecto/php/cambiarEstatusEncuesta.php:5
[04-May-2019 03:43:32 UTC] PHP   3. mysql_fetch_array() /home/ubuntu/workspace/DAW REPO/ABAK-ControlEgresados/Proyecto/New Interfaces/Proyecto/php/utils.php:897
[04-May-2019 03:43:41 UTC] PHP Warning:  mysql_fetch_array() expects parameter 1 to be resource, object given in /home/ubuntu/workspace/DAW REPO/ABAK-ControlEgresados/Proyecto/New Interfaces/Proyecto/php/utils.php on line 897
[04-May-2019 03:43:41 UTC] PHP Stack trace:
[04-May-2019 03:43:41 UTC] PHP   1. {main}() /home/ubuntu/workspace/DAW REPO/ABAK-ControlEgresados/Proyecto/New Interfaces/Proyecto/php/cambiarEstatusEncuesta.php:0
[04-May-2019 03:43:41 UTC] PHP   2. surveyIsActive() /home/ubuntu/workspace/DAW REPO/ABAK-ControlEgresados/Proyecto/New Interfaces/Proyecto/php/cambiarEstatusEncuesta.php:5
[04-May-2019 03:43:41 UTC] PHP   3. mysql_fetch_array() /home/ubuntu/workspace/DAW REPO/ABAK-ControlEgresados/Proyecto/New Interfaces/Proyecto/php/utils.php:897
[04-May-2019 03:44:28 UTC] PHP Warning:  mysql_fetch_array() expects parameter 1 to be resource, object given in /home/ubuntu/workspace/DAW REPO/ABAK-ControlEgresados/Proyecto/New Interfaces/Proyecto/php/utils.php on line 897
[04-May-2019 03:44:28 UTC] PHP Stack trace:
[04-May-2019 03:44:28 UTC] PHP   1. {main}() /home/ubuntu/workspace/DAW REPO/ABAK-ControlEgresados/Proyecto/New Interfaces/Proyecto/php/cambiarEstatusEncuesta.php:0
[04-May-2019 03:44:28 UTC] PHP   2. surveyIsActive() /home/ubuntu/workspace/DAW REPO/ABAK-ControlEgresados/Proyecto/New Interfaces/Proyecto/php/cambiarEstatusEncuesta.php:5
[04-May-2019 03:44:28 UTC] PHP   3. mysql_fetch_array() /home/ubuntu/workspace/DAW REPO/ABAK-ControlEgresados/Proyecto/New Interfaces/Proyecto/php/utils.php:897
[04-May-2019 03:44:32 UTC] PHP Warning:  mysql_fetch_array() expects parameter 1 to be resource, object given in /home/ubuntu/workspace/DAW REPO/ABAK-ControlEgresados/Proyecto/New Interfaces/Proyecto/php/utils.php on line 897
[04-May-2019 03:44:32 UTC] PHP Stack trace:
[04-May-2019 03:44:32 UTC] PHP   1. {main}() /home/ubuntu/workspace/DAW REPO/ABAK-ControlEgresados/Proyecto/New Interfaces/Proyecto/php/cambiarEstatusEncuesta.php:0
[04-May-2019 03:44:32 UTC] PHP   2. surveyIsActive() /home/ubuntu/workspace/DAW REPO/ABAK-ControlEgresados/Proyecto/New Interfaces/Proyecto/php/cambiarEstatusEncuesta.php:5
[04-May-2019 03:44:32 UTC] PHP   3. mysql_fetch_array() /home/ubuntu/workspace/DAW REPO/ABAK-ControlEgresados/Proyecto/New Interfaces/Proyecto/php/utils.php:897
[04-May-2019 03:44:36 UTC] PHP Warning:  mysql_fetch_array() expects parameter 1 to be resource, object given in /home/ubuntu/workspace/DAW REPO/ABAK-ControlEgresados/Proyecto/New Interfaces/Proyecto/php/utils.php on line 897
[04-May-2019 03:44:36 UTC] PHP Stack trace:
[04-May-2019 03:44:36 UTC] PHP   1. {main}() /home/ubuntu/workspace/DAW REPO/ABAK-ControlEgresados/Proyecto/New Interfaces/Proyecto/php/cambiarEstatusEncuesta.php:0
[04-May-2019 03:44:36 UTC] PHP   2. surveyIsActive() /home/ubuntu/workspace/DAW REPO/ABAK-ControlEgresados/Proyecto/New Interfaces/Proyecto/php/cambiarEstatusEncuesta.php:5
[04-May-2019 03:44:36 UTC] PHP   3. mysql_fetch_array() /home/ubuntu/workspace/DAW REPO/ABAK-ControlEgresados/Proyecto/New Interfaces/Proyecto/php/utils.php:897
[04-May-2019 03:44:37 UTC] PHP Warning:  mysql_fetch_array() expects parameter 1 to be resource, object given in /home/ubuntu/workspace/DAW REPO/ABAK-ControlEgresados/Proyecto/New Interfaces/Proyecto/php/utils.php on line 897
[04-May-2019 03:44:37 UTC] PHP Stack trace:
[04-May-2019 03:44:37 UTC] PHP   1. {main}() /home/ubuntu/workspace/DAW REPO/ABAK-ControlEgresados/Proyecto/New Interfaces/Proyecto/php/cambiarEstatusEncuesta.php:0
[04-May-2019 03:44:37 UTC] PHP   2. surveyIsActive() /home/ubuntu/workspace/DAW REPO/ABAK-ControlEgresados/Proyecto/New Interfaces/Proyecto/php/cambiarEstatusEncuesta.php:5
[04-May-2019 03:44:37 UTC] PHP   3. mysql_fetch_array() /home/ubuntu/workspace/DAW REPO/ABAK-ControlEgresados/Proyecto/New Interfaces/Proyecto/php/utils.php:897
[04-May-2019 03:44:38 UTC] PHP Warning:  mysql_fetch_array() expects parameter 1 to be resource, object given in /home/ubuntu/workspace/DAW REPO/ABAK-ControlEgresados/Proyecto/New Interfaces/Proyecto/php/utils.php on line 897
[04-May-2019 03:44:38 UTC] PHP Stack trace:
[04-May-2019 03:44:38 UTC] PHP   1. {main}() /home/ubuntu/workspace/DAW REPO/ABAK-ControlEgresados/Proyecto/New Interfaces/Proyecto/php/cambiarEstatusEncuesta.php:0
[04-May-2019 03:44:38 UTC] PHP   2. surveyIsActive() /home/ubuntu/workspace/DAW REPO/ABAK-ControlEgresados/Proyecto/New Interfaces/Proyecto/php/cambiarEstatusEncuesta.php:5
[04-May-2019 03:44:38 UTC] PHP   3. mysql_fetch_array() /home/ubuntu/workspace/DAW REPO/ABAK-ControlEgresados/Proyecto/New Interfaces/Proyecto/php/utils.php:897
[04-May-2019 03:44:44 UTC] PHP Warning:  mysql_fetch_array() expects parameter 1 to be resource, object given in /home/ubuntu/workspace/DAW REPO/ABAK-ControlEgresados/Proyecto/New Interfaces/Proyecto/php/utils.php on line 897
[04-May-2019 03:44:44 UTC] PHP Stack trace:
[04-May-2019 03:44:44 UTC] PHP   1. {main}() /home/ubuntu/workspace/DAW REPO/ABAK-ControlEgresados/Proyecto/New Interfaces/Proyecto/php/cambiarEstatusEncuesta.php:0
[04-May-2019 03:44:44 UTC] PHP   2. surveyIsActive() /home/ubuntu/workspace/DAW REPO/ABAK-ControlEgresados/Proyecto/New Interfaces/Proyecto/php/cambiarEstatusEncuesta.php:5
[04-May-2019 03:44:44 UTC] PHP   3. mysql_fetch_array() /home/ubuntu/workspace/DAW REPO/ABAK-ControlEgresados/Proyecto/New Interfaces/Proyecto/php/utils.php:897
[04-May-2019 03:46:00 UTC] PHP Warning:  mysql_fetch_assoc() expects parameter 1 to be resource, object given in /home/ubuntu/workspace/DAW REPO/ABAK-ControlEgresados/Proyecto/New Interfaces/Proyecto/php/utils.php on line 897
[04-May-2019 03:46:00 UTC] PHP Stack trace:
[04-May-2019 03:46:00 UTC] PHP   1. {main}() /home/ubuntu/workspace/DAW REPO/ABAK-ControlEgresados/Proyecto/New Interfaces/Proyecto/php/cambiarEstatusEncuesta.php:0
[04-May-2019 03:46:00 UTC] PHP   2. surveyIsActive() /home/ubuntu/workspace/DAW REPO/ABAK-ControlEgresados/Proyecto/New Interfaces/Proyecto/php/cambiarEstatusEncuesta.php:5
[04-May-2019 03:46:00 UTC] PHP   3. mysql_fetch_assoc() /home/ubuntu/workspace/DAW REPO/ABAK-ControlEgresados/Proyecto/New Interfaces/Proyecto/php/utils.php:897
[04-May-2019 03:46:05 UTC] PHP Warning:  mysql_fetch_assoc() expects parameter 1 to be resource, object given in /home/ubuntu/workspace/DAW REPO/ABAK-ControlEgresados/Proyecto/New Interfaces/Proyecto/php/utils.php on line 897
[04-May-2019 03:46:05 UTC] PHP Stack trace:
[04-May-2019 03:46:05 UTC] PHP   1. {main}() /home/ubuntu/workspace/DAW REPO/ABAK-ControlEgresados/Proyecto/New Interfaces/Proyecto/php/cambiarEstatusEncuesta.php:0
[04-May-2019 03:46:05 UTC] PHP   2. surveyIsActive() /home/ubuntu/workspace/DAW REPO/ABAK-ControlEgresados/Proyecto/New Interfaces/Proyecto/php/cambiarEstatusEncuesta.php:5
[04-May-2019 03:46:05 UTC] PHP   3. mysql_fetch_assoc() /home/ubuntu/workspace/DAW REPO/ABAK-ControlEgresados/Proyecto/New Interfaces/Proyecto/php/utils.php:897
[04-May-2019 03:46:07 UTC] PHP Warning:  mysql_fetch_assoc() expects parameter 1 to be resource, object given in /home/ubuntu/workspace/DAW REPO/ABAK-ControlEgresados/Proyecto/New Interfaces/Proyecto/php/utils.php on line 897
[04-May-2019 03:46:07 UTC] PHP Stack trace:
[04-May-2019 03:46:07 UTC] PHP   1. {main}() /home/ubuntu/workspace/DAW REPO/ABAK-ControlEgresados/Proyecto/New Interfaces/Proyecto/php/cambiarEstatusEncuesta.php:0
[04-May-2019 03:46:07 UTC] PHP   2. surveyIsActive() /home/ubuntu/workspace/DAW REPO/ABAK-ControlEgresados/Proyecto/New Interfaces/Proyecto/php/cambiarEstatusEncuesta.php:5
[04-May-2019 03:46:07 UTC] PHP   3. mysql_fetch_assoc() /home/ubuntu/workspace/DAW REPO/ABAK-ControlEgresados/Proyecto/New Interfaces/Proyecto/php/utils.php:897
[04-May-2019 03:46:09 UTC] PHP Warning:  mysql_fetch_assoc() expects parameter 1 to be resource, object given in /home/ubuntu/workspace/DAW REPO/ABAK-ControlEgresados/Proyecto/New Interfaces/Proyecto/php/utils.php on line 897
[04-May-2019 03:46:09 UTC] PHP Stack trace:
[04-May-2019 03:46:09 UTC] PHP   1. {main}() /home/ubuntu/workspace/DAW REPO/ABAK-ControlEgresados/Proyecto/New Interfaces/Proyecto/php/cambiarEstatusEncuesta.php:0
[04-May-2019 03:46:09 UTC] PHP   2. surveyIsActive() /home/ubuntu/workspace/DAW REPO/ABAK-ControlEgresados/Proyecto/New Interfaces/Proyecto/php/cambiarEstatusEncuesta.php:5
[04-May-2019 03:46:09 UTC] PHP   3. mysql_fetch_assoc() /home/ubuntu/workspace/DAW REPO/ABAK-ControlEgresados/Proyecto/New Interfaces/Proyecto/php/utils.php:897
[04-May-2019 03:46:11 UTC] PHP Warning:  mysql_fetch_assoc() expects parameter 1 to be resource, object given in /home/ubuntu/workspace/DAW REPO/ABAK-ControlEgresados/Proyecto/New Interfaces/Proyecto/php/utils.php on line 897
[04-May-2019 03:46:11 UTC] PHP Stack trace:
[04-May-2019 03:46:11 UTC] PHP   1. {main}() /home/ubuntu/workspace/DAW REPO/ABAK-ControlEgresados/Proyecto/New Interfaces/Proyecto/php/cambiarEstatusEncuesta.php:0
[04-May-2019 03:46:11 UTC] PHP   2. surveyIsActive() /home/ubuntu/workspace/DAW REPO/ABAK-ControlEgresados/Proyecto/New Interfaces/Proyecto/php/cambiarEstatusEncuesta.php:5
[04-May-2019 03:46:11 UTC] PHP   3. mysql_fetch_assoc() /home/ubuntu/workspace/DAW REPO/ABAK-ControlEgresados/Proyecto/New Interfaces/Proyecto/php/utils.php:897
[04-May-2019 03:46:12 UTC] PHP Warning:  mysql_fetch_assoc() expects parameter 1 to be resource, object given in /home/ubuntu/workspace/DAW REPO/ABAK-ControlEgresados/Proyecto/New Interfaces/Proyecto/php/utils.php on line 897
[04-May-2019 03:46:12 UTC] PHP Stack trace:
[04-May-2019 03:46:12 UTC] PHP   1. {main}() /home/ubuntu/workspace/DAW REPO/ABAK-ControlEgresados/Proyecto/New Interfaces/Proyecto/php/cambiarEstatusEncuesta.php:0
[04-May-2019 03:46:12 UTC] PHP   2. surveyIsActive() /home/ubuntu/workspace/DAW REPO/ABAK-ControlEgresados/Proyecto/New Interfaces/Proyecto/php/cambiarEstatusEncuesta.php:5
[04-May-2019 03:46:12 UTC] PHP   3. mysql_fetch_assoc() /home/ubuntu/workspace/DAW REPO/ABAK-ControlEgresados/Proyecto/New Interfaces/Proyecto/php/utils.php:897
[04-May-2019 16:30:29 UTC] PHP Catchable fatal error:  Object of class mysqli_result could not be converted to string in /home/ubuntu/workspace/DAW REPO/ABAK-ControlEgresados/Proyecto/New Interfaces/Proyecto/php/utils.php on line 897
[04-May-2019 16:30:29 UTC] PHP Stack trace:
[04-May-2019 16:30:29 UTC] PHP   1. {main}() /home/ubuntu/workspace/DAW REPO/ABAK-ControlEgresados/Proyecto/New Interfaces/Proyecto/php/cambiarEstatusEncuesta.php:0
[04-May-2019 16:30:29 UTC] PHP   2. surveyIsActive() /home/ubuntu/workspace/DAW REPO/ABAK-ControlEgresados/Proyecto/New Interfaces/Proyecto/php/cambiarEstatusEncuesta.php:5
[04-May-2019 16:37:09 UTC] PHP Fatal error:  Cannot use object of type mysqli_result as array in /home/ubuntu/workspace/DAW REPO/ABAK-ControlEgresados/Proyecto/New Interfaces/Proyecto/php/utils.php on line 895
[04-May-2019 16:37:09 UTC] PHP Stack trace:
[04-May-2019 16:37:09 UTC] PHP   1. {main}() /home/ubuntu/workspace/DAW REPO/ABAK-ControlEgresados/Proyecto/New Interfaces/Proyecto/php/cambiarEstatusEncuesta.php:0
[04-May-2019 16:37:09 UTC] PHP   2. surveyIsActive() /home/ubuntu/workspace/DAW REPO/ABAK-ControlEgresados/Proyecto/New Interfaces/Proyecto/php/cambiarEstatusEncuesta.php:5
[04-May-2019 16:37:10 UTC] PHP Fatal error:  Cannot use object of type mysqli_result as array in /home/ubuntu/workspace/DAW REPO/ABAK-ControlEgresados/Proyecto/New Interfaces/Proyecto/php/utils.php on line 895
[04-May-2019 16:37:10 UTC] PHP Stack trace:
[04-May-2019 16:37:10 UTC] PHP   1. {main}() /home/ubuntu/workspace/DAW REPO/ABAK-ControlEgresados/Proyecto/New Interfaces/Proyecto/php/cambiarEstatusEncuesta.php:0
[04-May-2019 16:37:10 UTC] PHP   2. surveyIsActive() /home/ubuntu/workspace/DAW REPO/ABAK-ControlEgresados/Proyecto/New Interfaces/Proyecto/php/cambiarEstatusEncuesta.php:5
[05-May-2019 00:09:48 UTC] PHP Warning:  mysqli_fetch_assoc() expects parameter 1 to be mysqli_result, boolean given in /home/ubuntu/workspace/DAW REPO/ABAK-ControlEgresados/Proyecto/New Interfaces/Proyecto/php/verAlumnos.php on line 4
[05-May-2019 00:09:48 UTC] PHP Stack trace:
[05-May-2019 00:09:48 UTC] PHP   1. {main}() /home/ubuntu/workspace/DAW REPO/ABAK-ControlEgresados/Proyecto/New Interfaces/Proyecto/php/verAlumnos.php:0
[05-May-2019 00:09:48 UTC] PHP   2. mysqli_fetch_assoc() /home/ubuntu/workspace/DAW REPO/ABAK-ControlEgresados/Proyecto/New Interfaces/Proyecto/php/verAlumnos.php:4
[05-May-2019 00:09:48 UTC] PHP Warning:  mysqli_free_result() expects parameter 1 to be mysqli_result, boolean given in /home/ubuntu/workspace/DAW REPO/ABAK-ControlEgresados/Proyecto/New Interfaces/Proyecto/php/verAlumnos.php on line 8
[05-May-2019 00:09:48 UTC] PHP Stack trace:
[05-May-2019 00:09:48 UTC] PHP   1. {main}() /home/ubuntu/workspace/DAW REPO/ABAK-ControlEgresados/Proyecto/New Interfaces/Proyecto/php/verAlumnos.php:0
[05-May-2019 00:09:48 UTC] PHP   2. mysqli_free_result() /home/ubuntu/workspace/DAW REPO/ABAK-ControlEgresados/Proyecto/New Interfaces/Proyecto/php/verAlumnos.php:8
[05-May-2019 00:10:05 UTC] PHP Fatal error:  Call to undefined function surveysThatAreActive() in /home/ubuntu/workspace/DAW REPO/ABAK-ControlEgresados/Proyecto/New Interfaces/Proyecto/php/verEncuestas.php on line 4
[05-May-2019 00:10:05 UTC] PHP Stack trace:
[05-May-2019 00:10:05 UTC] PHP   1. {main}() /home/ubuntu/workspace/DAW REPO/ABAK-ControlEgresados/Proyecto/New Interfaces/Proyecto/php/verEncuestas.php:0
[05-May-2019 00:12:08 UTC] PHP Warning:  mysqli_fetch_assoc() expects parameter 1 to be mysqli_result, boolean given in /home/ubuntu/workspace/DAW REPO/ABAK-ControlEgresados/Proyecto/New Interfaces/Proyecto/php/verAlumnos.php on line 4
[05-May-2019 00:12:08 UTC] PHP Stack trace:
[05-May-2019 00:12:08 UTC] PHP   1. {main}() /home/ubuntu/workspace/DAW REPO/ABAK-ControlEgresados/Proyecto/New Interfaces/Proyecto/php/verAlumnos.php:0
[05-May-2019 00:12:08 UTC] PHP   2. mysqli_fetch_assoc() /home/ubuntu/workspace/DAW REPO/ABAK-ControlEgresados/Proyecto/New Interfaces/Proyecto/php/verAlumnos.php:4
[05-May-2019 00:12:08 UTC] PHP Warning:  mysqli_free_result() expects parameter 1 to be mysqli_result, boolean given in /home/ubuntu/workspace/DAW REPO/ABAK-ControlEgresados/Proyecto/New Interfaces/Proyecto/php/verAlumnos.php on line 8
[05-May-2019 00:12:08 UTC] PHP Stack trace:
[05-May-2019 00:12:08 UTC] PHP   1. {main}() /home/ubuntu/workspace/DAW REPO/ABAK-ControlEgresados/Proyecto/New Interfaces/Proyecto/php/verAlumnos.php:0
[05-May-2019 00:12:08 UTC] PHP   2. mysqli_free_result() /home/ubuntu/workspace/DAW REPO/ABAK-ControlEgresados/Proyecto/New Interfaces/Proyecto/php/verAlumnos.php:8
[05-May-2019 00:15:18 UTC] PHP Fatal error:  Call to undefined function surveysThatAreActive() in /home/ubuntu/workspace/DAW REPO/ABAK-ControlEgresados/Proyecto/New Interfaces/Proyecto/php/verEncuestas.php on line 4
[05-May-2019 00:15:18 UTC] PHP Stack trace:
[05-May-2019 00:15:18 UTC] PHP   1. {main}() /home/ubuntu/workspace/DAW REPO/ABAK-ControlEgresados/Proyecto/New Interfaces/Proyecto/php/verEncuestas.php:0
[05-May-2019 00:43:01 UTC] PHP Warning:  mysqli_fetch_assoc() expects parameter 1 to be mysqli_result, boolean given in /home/ubuntu/workspace/DAW REPO/ABAK-ControlEgresados/Proyecto/New Interfaces/Proyecto/php/verAlumnos.php on line 4
[05-May-2019 00:43:01 UTC] PHP Stack trace:
[05-May-2019 00:43:01 UTC] PHP   1. {main}() /home/ubuntu/workspace/DAW REPO/ABAK-ControlEgresados/Proyecto/New Interfaces/Proyecto/php/verAlumnos.php:0
[05-May-2019 00:43:01 UTC] PHP   2. mysqli_fetch_assoc() /home/ubuntu/workspace/DAW REPO/ABAK-ControlEgresados/Proyecto/New Interfaces/Proyecto/php/verAlumnos.php:4
[05-May-2019 00:43:01 UTC] PHP Warning:  mysqli_free_result() expects parameter 1 to be mysqli_result, boolean given in /home/ubuntu/workspace/DAW REPO/ABAK-ControlEgresados/Proyecto/New Interfaces/Proyecto/php/verAlumnos.php on line 8
[05-May-2019 00:43:01 UTC] PHP Stack trace:
[05-May-2019 00:43:01 UTC] PHP   1. {main}() /home/ubuntu/workspace/DAW REPO/ABAK-ControlEgresados/Proyecto/New Interfaces/Proyecto/php/verAlumnos.php:0
[05-May-2019 00:43:01 UTC] PHP   2. mysqli_free_result() /home/ubuntu/workspace/DAW REPO/ABAK-ControlEgresados/Proyecto/New Interfaces/Proyecto/php/verAlumnos.php:8
[05-May-2019 00:45:42 UTC] PHP Warning:  mysqli_fetch_assoc() expects parameter 1 to be mysqli_result, boolean given in /home/ubuntu/workspace/DAW REPO/ABAK-ControlEgresados/Proyecto/New Interfaces/Proyecto/php/verAlumnos.php on line 4
[05-May-2019 00:45:42 UTC] PHP Stack trace:
[05-May-2019 00:45:42 UTC] PHP   1. {main}() /home/ubuntu/workspace/DAW REPO/ABAK-ControlEgresados/Proyecto/New Interfaces/Proyecto/php/verAlumnos.php:0
[05-May-2019 00:45:42 UTC] PHP   2. mysqli_fetch_assoc() /home/ubuntu/workspace/DAW REPO/ABAK-ControlEgresados/Proyecto/New Interfaces/Proyecto/php/verAlumnos.php:4
[05-May-2019 00:45:42 UTC] PHP Warning:  mysqli_free_result() expects parameter 1 to be mysqli_result, boolean given in /home/ubuntu/workspace/DAW REPO/ABAK-ControlEgresados/Proyecto/New Interfaces/Proyecto/php/verAlumnos.php on line 8
[05-May-2019 00:45:42 UTC] PHP Stack trace:
[05-May-2019 00:45:42 UTC] PHP   1. {main}() /home/ubuntu/workspace/DAW REPO/ABAK-ControlEgresados/Proyecto/New Interfaces/Proyecto/php/verAlumnos.php:0
[05-May-2019 00:45:42 UTC] PHP   2. mysqli_free_result() /home/ubuntu/workspace/DAW REPO/ABAK-ControlEgresados/Proyecto/New Interfaces/Proyecto/php/verAlumnos.php:8
[05-May-2019 04:14:59 UTC] PHP Parse error:  syntax error, unexpected '}' in /home/ubuntu/workspace/DAW REPO/ABAK-ControlEgresados/Proyecto/New Interfaces/Proyecto/php/utils.php on line 913
[05-May-2019 04:14:59 UTC] PHP Stack trace:
[05-May-2019 04:14:59 UTC] PHP   1. {main}() /home/ubuntu/workspace/DAW REPO/ABAK-ControlEgresados/Proyecto/New Interfaces/Proyecto/php/recoverPass.php:0
[05-May-2019 04:15:33 UTC] PHP Warning:  mysqli::query(): Empty query in /home/ubuntu/workspace/DAW REPO/ABAK-ControlEgresados/Proyecto/New Interfaces/Proyecto/php/utils.php on line 98
[05-May-2019 04:15:33 UTC] PHP Stack trace:
[05-May-2019 04:15:33 UTC] PHP   1. {main}() /home/ubuntu/workspace/DAW REPO/ABAK-ControlEgresados/Proyecto/New Interfaces/Proyecto/php/recoverPass.php:0
[05-May-2019 04:15:33 UTC] PHP   2. recover_pass() /home/ubuntu/workspace/DAW REPO/ABAK-ControlEgresados/Proyecto/New Interfaces/Proyecto/php/recoverPass.php:11
[05-May-2019 04:15:33 UTC] PHP   3. mysqli->query() /home/ubuntu/workspace/DAW REPO/ABAK-ControlEgresados/Proyecto/New Interfaces/Proyecto/php/utils.php:98
[05-May-2019 04:28:11 UTC] PHP Warning:  mysqli::query(): Empty query in /home/ubuntu/workspace/DAW REPO/ABAK-ControlEgresados/Proyecto/New Interfaces/Proyecto/php/utils.php on line 99
[05-May-2019 04:28:11 UTC] PHP Stack trace:
[05-May-2019 04:28:11 UTC] PHP   1. {main}() /home/ubuntu/workspace/DAW REPO/ABAK-ControlEgresados/Proyecto/New Interfaces/Proyecto/php/recoverPass.php:0
[05-May-2019 04:28:11 UTC] PHP   2. recover_pass() /home/ubuntu/workspace/DAW REPO/ABAK-ControlEgresados/Proyecto/New Interfaces/Proyecto/php/recoverPass.php:13
[05-May-2019 04:28:11 UTC] PHP   3. mysqli->query() /home/ubuntu/workspace/DAW REPO/ABAK-ControlEgresados/Proyecto/New Interfaces/Proyecto/php/utils.php:99
[05-May-2019 04:29:06 UTC] PHP Warning:  mysqli::query(): Empty query in /home/ubuntu/workspace/DAW REPO/ABAK-ControlEgresados/Proyecto/New Interfaces/Proyecto/php/utils.php on line 99
[05-May-2019 04:29:06 UTC] PHP Stack trace:
[05-May-2019 04:29:06 UTC] PHP   1. {main}() /home/ubuntu/workspace/DAW REPO/ABAK-ControlEgresados/Proyecto/New Interfaces/Proyecto/php/recoverPass.php:0
[05-May-2019 04:29:06 UTC] PHP   2. recover_pass() /home/ubuntu/workspace/DAW REPO/ABAK-ControlEgresados/Proyecto/New Interfaces/Proyecto/php/recoverPass.php:13
[05-May-2019 04:29:06 UTC] PHP   3. mysqli->query() /home/ubuntu/workspace/DAW REPO/ABAK-ControlEgresados/Proyecto/New Interfaces/Proyecto/php/utils.php:99
[05-May-2019 04:29:46 UTC] PHP Warning:  mysqli::query(): Empty query in /home/ubuntu/workspace/DAW REPO/ABAK-ControlEgresados/Proyecto/New Interfaces/Proyecto/php/utils.php on line 99
[05-May-2019 04:29:46 UTC] PHP Stack trace:
[05-May-2019 04:29:46 UTC] PHP   1. {main}() /home/ubuntu/workspace/DAW REPO/ABAK-ControlEgresados/Proyecto/New Interfaces/Proyecto/php/recoverPass.php:0
[05-May-2019 04:29:46 UTC] PHP   2. recover_pass() /home/ubuntu/workspace/DAW REPO/ABAK-ControlEgresados/Proyecto/New Interfaces/Proyecto/php/recoverPass.php:13
[05-May-2019 04:29:46 UTC] PHP   3. mysqli->query() /home/ubuntu/workspace/DAW REPO/ABAK-ControlEgresados/Proyecto/New Interfaces/Proyecto/php/utils.php:99
[05-May-2019 04:34:02 UTC] PHP Catchable fatal error:  Object of class mysqli_result could not be converted to string in /home/ubuntu/workspace/DAW REPO/ABAK-ControlEgresados/Proyecto/New Interfaces/Proyecto/php/utils.php on line 101
[05-May-2019 04:34:02 UTC] PHP Stack trace:
[05-May-2019 04:34:02 UTC] PHP   1. {main}() /home/ubuntu/workspace/DAW REPO/ABAK-ControlEgresados/Proyecto/New Interfaces/Proyecto/php/recoverPass.php:0
[05-May-2019 04:34:02 UTC] PHP   2. recover_pass() /home/ubuntu/workspace/DAW REPO/ABAK-ControlEgresados/Proyecto/New Interfaces/Proyecto/php/recoverPass.php:13
[05-May-2019 04:38:59 UTC] PHP Warning:  Illegal string offset 'contrasena' in /home/ubuntu/workspace/DAW REPO/ABAK-ControlEgresados/Proyecto/New Interfaces/Proyecto/php/recoverPass.php on line 14
[05-May-2019 04:38:59 UTC] PHP Stack trace:
[05-May-2019 04:38:59 UTC] PHP   1. {main}() /home/ubuntu/workspace/DAW REPO/ABAK-ControlEgresados/Proyecto/New Interfaces/Proyecto/php/recoverPass.php:0
[05-May-2019 04:39:11 UTC] PHP Warning:  Illegal string offset 'contrasena' in /home/ubuntu/workspace/DAW REPO/ABAK-ControlEgresados/Proyecto/New Interfaces/Proyecto/php/recoverPass.php on line 14
[05-May-2019 04:39:11 UTC] PHP Stack trace:
[05-May-2019 04:39:11 UTC] PHP   1. {main}() /home/ubuntu/workspace/DAW REPO/ABAK-ControlEgresados/Proyecto/New Interfaces/Proyecto/php/recoverPass.php:0
[05-May-2019 04:51:13 UTC] PHP Parse error:  syntax error, unexpected '$to' (T_VARIABLE), expecting ',' or ';' in /home/ubuntu/workspace/DAW REPO/ABAK-ControlEgresados/Proyecto/New Interfaces/Proyecto/php/recoverPass.php on line 18
[05-May-2019 05:54:05 UTC] PHP Warning:  mysqli_fetch_assoc() expects parameter 1 to be mysqli_result, boolean given in /home/ubuntu/workspace/DAW REPO/ABAK-ControlEgresados/Proyecto/New Interfaces/Proyecto/php/verAlumnos.php on line 4
[05-May-2019 05:54:05 UTC] PHP Stack trace:
[05-May-2019 05:54:05 UTC] PHP   1. {main}() /home/ubuntu/workspace/DAW REPO/ABAK-ControlEgresados/Proyecto/New Interfaces/Proyecto/php/verAlumnos.php:0
[05-May-2019 05:54:05 UTC] PHP   2. mysqli_fetch_assoc() /home/ubuntu/workspace/DAW REPO/ABAK-ControlEgresados/Proyecto/New Interfaces/Proyecto/php/verAlumnos.php:4
[05-May-2019 05:54:05 UTC] PHP Warning:  mysqli_free_result() expects parameter 1 to be mysqli_result, boolean given in /home/ubuntu/workspace/DAW REPO/ABAK-ControlEgresados/Proyecto/New Interfaces/Proyecto/php/verAlumnos.php on line 8
[05-May-2019 05:54:05 UTC] PHP Stack trace:
[05-May-2019 05:54:05 UTC] PHP   1. {main}() /home/ubuntu/workspace/DAW REPO/ABAK-ControlEgresados/Proyecto/New Interfaces/Proyecto/php/verAlumnos.php:0
[05-May-2019 05:54:05 UTC] PHP   2. mysqli_free_result() /home/ubuntu/workspace/DAW REPO/ABAK-ControlEgresados/Proyecto/New Interfaces/Proyecto/php/verAlumnos.php:8
[05-May-2019 20:41:59 UTC] PHP Fatal error:  Call to undefined function surveysThatAreActive() in /home/ubuntu/workspace/DAW REPO/ABAK-ControlEgresados/Proyecto/New Interfaces/Proyecto/php/verEncuestas.php on line 4
[05-May-2019 20:41:59 UTC] PHP Stack trace:
[05-May-2019 20:41:59 UTC] PHP   1. {main}() /home/ubuntu/workspace/DAW REPO/ABAK-ControlEgresados/Proyecto/New Interfaces/Proyecto/php/verEncuestas.php:0
[05-May-2019 20:42:48 UTC] PHP Warning:  mysqli_fetch_assoc() expects parameter 1 to be mysqli_result, boolean given in /home/ubuntu/workspace/DAW REPO/ABAK-ControlEgresados/Proyecto/New Interfaces/Proyecto/php/verAlumnos.php on line 4
[05-May-2019 20:42:48 UTC] PHP Stack trace:
[05-May-2019 20:42:48 UTC] PHP   1. {main}() /home/ubuntu/workspace/DAW REPO/ABAK-ControlEgresados/Proyecto/New Interfaces/Proyecto/php/verAlumnos.php:0
[05-May-2019 20:42:48 UTC] PHP   2. mysqli_fetch_assoc() /home/ubuntu/workspace/DAW REPO/ABAK-ControlEgresados/Proyecto/New Interfaces/Proyecto/php/verAlumnos.php:4
[05-May-2019 20:42:48 UTC] PHP Warning:  mysqli_free_result() expects parameter 1 to be mysqli_result, boolean given in /home/ubuntu/workspace/DAW REPO/ABAK-ControlEgresados/Proyecto/New Interfaces/Proyecto/php/verAlumnos.php on line 8
[05-May-2019 20:42:48 UTC] PHP Stack trace:
[05-May-2019 20:42:48 UTC] PHP   1. {main}() /home/ubuntu/workspace/DAW REPO/ABAK-ControlEgresados/Proyecto/New Interfaces/Proyecto/php/verAlumnos.php:0
[05-May-2019 20:42:48 UTC] PHP   2. mysqli_free_result() /home/ubuntu/workspace/DAW REPO/ABAK-ControlEgresados/Proyecto/New Interfaces/Proyecto/php/verAlumnos.php:8
[05-May-2019 20:44:52 UTC] PHP Fatal error:  Call to undefined function surveysThatAreActive() in /home/ubuntu/workspace/DAW REPO/ABAK-ControlEgresados/Proyecto/New Interfaces/Proyecto/php/verEncuestas.php on line 4
[05-May-2019 20:44:52 UTC] PHP Stack trace:
[05-May-2019 20:44:52 UTC] PHP   1. {main}() /home/ubuntu/workspace/DAW REPO/ABAK-ControlEgresados/Proyecto/New Interfaces/Proyecto/php/verEncuestas.php:0
[05-May-2019 20:51:00 UTC] PHP Warning:  mysqli_fetch_assoc() expects parameter 1 to be mysqli_result, boolean given in /home/ubuntu/workspace/DAW REPO/ABAK-ControlEgresados/Proyecto/New Interfaces/Proyecto/php/verAlumnos.php on line 4
[05-May-2019 20:51:00 UTC] PHP Stack trace:
[05-May-2019 20:51:00 UTC] PHP   1. {main}() /home/ubuntu/workspace/DAW REPO/ABAK-ControlEgresados/Proyecto/New Interfaces/Proyecto/php/verAlumnos.php:0
[05-May-2019 20:51:00 UTC] PHP   2. mysqli_fetch_assoc() /home/ubuntu/workspace/DAW REPO/ABAK-ControlEgresados/Proyecto/New Interfaces/Proyecto/php/verAlumnos.php:4
[05-May-2019 20:51:00 UTC] PHP Warning:  mysqli_free_result() expects parameter 1 to be mysqli_result, boolean given in /home/ubuntu/workspace/DAW REPO/ABAK-ControlEgresados/Proyecto/New Interfaces/Proyecto/php/verAlumnos.php on line 8
[05-May-2019 20:51:00 UTC] PHP Stack trace:
[05-May-2019 20:51:00 UTC] PHP   1. {main}() /home/ubuntu/workspace/DAW REPO/ABAK-ControlEgresados/Proyecto/New Interfaces/Proyecto/php/verAlumnos.php:0
[05-May-2019 20:51:00 UTC] PHP   2. mysqli_free_result() /home/ubuntu/workspace/DAW REPO/ABAK-ControlEgresados/Proyecto/New Interfaces/Proyecto/php/verAlumnos.php:8
[05-May-2019 20:51:22 UTC] PHP Fatal error:  Call to undefined function surveysThatAreActive() in /home/ubuntu/workspace/DAW REPO/ABAK-ControlEgresados/Proyecto/New Interfaces/Proyecto/php/verEncuestas.php on line 4
[05-May-2019 20:51:22 UTC] PHP Stack trace:
[05-May-2019 20:51:22 UTC] PHP   1. {main}() /home/ubuntu/workspace/DAW REPO/ABAK-ControlEgresados/Proyecto/New Interfaces/Proyecto/php/verEncuestas.php:0
[05-May-2019 20:51:59 UTC] PHP Warning:  mysqli_fetch_assoc() expects parameter 1 to be mysqli_result, boolean given in /home/ubuntu/workspace/DAW REPO/ABAK-ControlEgresados/Proyecto/New Interfaces/Proyecto/php/verAlumnos.php on line 4
[05-May-2019 20:51:59 UTC] PHP Stack trace:
[05-May-2019 20:51:59 UTC] PHP   1. {main}() /home/ubuntu/workspace/DAW REPO/ABAK-ControlEgresados/Proyecto/New Interfaces/Proyecto/php/verAlumnos.php:0
[05-May-2019 20:51:59 UTC] PHP   2. mysqli_fetch_assoc() /home/ubuntu/workspace/DAW REPO/ABAK-ControlEgresados/Proyecto/New Interfaces/Proyecto/php/verAlumnos.php:4
[05-May-2019 20:51:59 UTC] PHP Warning:  mysqli_free_result() expects parameter 1 to be mysqli_result, boolean given in /home/ubuntu/workspace/DAW REPO/ABAK-ControlEgresados/Proyecto/New Interfaces/Proyecto/php/verAlumnos.php on line 8
[05-May-2019 20:51:59 UTC] PHP Stack trace:
[05-May-2019 20:51:59 UTC] PHP   1. {main}() /home/ubuntu/workspace/DAW REPO/ABAK-ControlEgresados/Proyecto/New Interfaces/Proyecto/php/verAlumnos.php:0
[05-May-2019 20:51:59 UTC] PHP   2. mysqli_free_result() /home/ubuntu/workspace/DAW REPO/ABAK-ControlEgresados/Proyecto/New Interfaces/Proyecto/php/verAlumnos.php:8
[05-May-2019 20:52:09 UTC] PHP Fatal error:  Call to undefined function surveysThatAreActive() in /home/ubuntu/workspace/DAW REPO/ABAK-ControlEgresados/Proyecto/New Interfaces/Proyecto/php/verEncuestas.php on line 4
[05-May-2019 20:52:09 UTC] PHP Stack trace:
[05-May-2019 20:52:09 UTC] PHP   1. {main}() /home/ubuntu/workspace/DAW REPO/ABAK-ControlEgresados/Proyecto/New Interfaces/Proyecto/php/verEncuestas.php:0
[05-May-2019 22:10:12 UTC] PHP Warning:  mysqli_fetch_assoc() expects parameter 1 to be mysqli_result, boolean given in /home/ubuntu/workspace/DAW REPO/ABAK-ControlEgresados/Proyecto/New Interfaces/Proyecto/php/verAlumnos.php on line 4
[05-May-2019 22:10:12 UTC] PHP Stack trace:
[05-May-2019 22:10:12 UTC] PHP   1. {main}() /home/ubuntu/workspace/DAW REPO/ABAK-ControlEgresados/Proyecto/New Interfaces/Proyecto/php/verAlumnos.php:0
[05-May-2019 22:10:12 UTC] PHP   2. mysqli_fetch_assoc() /home/ubuntu/workspace/DAW REPO/ABAK-ControlEgresados/Proyecto/New Interfaces/Proyecto/php/verAlumnos.php:4
[05-May-2019 22:10:12 UTC] PHP Warning:  mysqli_free_result() expects parameter 1 to be mysqli_result, boolean given in /home/ubuntu/workspace/DAW REPO/ABAK-ControlEgresados/Proyecto/New Interfaces/Proyecto/php/verAlumnos.php on line 8
[05-May-2019 22:10:12 UTC] PHP Stack trace:
[05-May-2019 22:10:12 UTC] PHP   1. {main}() /home/ubuntu/workspace/DAW REPO/ABAK-ControlEgresados/Proyecto/New Interfaces/Proyecto/php/verAlumnos.php:0
[05-May-2019 22:10:12 UTC] PHP   2. mysqli_free_result() /home/ubuntu/workspace/DAW REPO/ABAK-ControlEgresados/Proyecto/New Interfaces/Proyecto/php/verAlumnos.php:8
[05-May-2019 22:12:31 UTC] PHP Warning:  mysqli_fetch_assoc() expects parameter 1 to be mysqli_result, boolean given in /home/ubuntu/workspace/DAW REPO/ABAK-ControlEgresados/Proyecto/New Interfaces/Proyecto/php/verAlumnos.php on line 4
[05-May-2019 22:12:31 UTC] PHP Stack trace:
[05-May-2019 22:12:31 UTC] PHP   1. {main}() /home/ubuntu/workspace/DAW REPO/ABAK-ControlEgresados/Proyecto/New Interfaces/Proyecto/php/verAlumnos.php:0
[05-May-2019 22:12:31 UTC] PHP   2. mysqli_fetch_assoc() /home/ubuntu/workspace/DAW REPO/ABAK-ControlEgresados/Proyecto/New Interfaces/Proyecto/php/verAlumnos.php:4
[05-May-2019 22:12:31 UTC] PHP Warning:  mysqli_free_result() expects parameter 1 to be mysqli_result, boolean given in /home/ubuntu/workspace/DAW REPO/ABAK-ControlEgresados/Proyecto/New Interfaces/Proyecto/php/verAlumnos.php on line 8
[05-May-2019 22:12:31 UTC] PHP Stack trace:
[05-May-2019 22:12:31 UTC] PHP   1. {main}() /home/ubuntu/workspace/DAW REPO/ABAK-ControlEgresados/Proyecto/New Interfaces/Proyecto/php/verAlumnos.php:0
[05-May-2019 22:12:31 UTC] PHP   2. mysqli_free_result() /home/ubuntu/workspace/DAW REPO/ABAK-ControlEgresados/Proyecto/New Interfaces/Proyecto/php/verAlumnos.php:8
[05-May-2019 22:13:59 UTC] PHP Warning:  mysqli_fetch_assoc() expects parameter 1 to be mysqli_result, boolean given in /home/ubuntu/workspace/DAW REPO/ABAK-ControlEgresados/Proyecto/New Interfaces/Proyecto/php/verAlumnos.php on line 4
[05-May-2019 22:13:59 UTC] PHP Stack trace:
[05-May-2019 22:13:59 UTC] PHP   1. {main}() /home/ubuntu/workspace/DAW REPO/ABAK-ControlEgresados/Proyecto/New Interfaces/Proyecto/php/verAlumnos.php:0
[05-May-2019 22:13:59 UTC] PHP   2. mysqli_fetch_assoc() /home/ubuntu/workspace/DAW REPO/ABAK-ControlEgresados/Proyecto/New Interfaces/Proyecto/php/verAlumnos.php:4
[05-May-2019 22:13:59 UTC] PHP Warning:  mysqli_free_result() expects parameter 1 to be mysqli_result, boolean given in /home/ubuntu/workspace/DAW REPO/ABAK-ControlEgresados/Proyecto/New Interfaces/Proyecto/php/verAlumnos.php on line 8
[05-May-2019 22:13:59 UTC] PHP Stack trace:
[05-May-2019 22:13:59 UTC] PHP   1. {main}() /home/ubuntu/workspace/DAW REPO/ABAK-ControlEgresados/Proyecto/New Interfaces/Proyecto/php/verAlumnos.php:0
[05-May-2019 22:13:59 UTC] PHP   2. mysqli_free_result() /home/ubuntu/workspace/DAW REPO/ABAK-ControlEgresados/Proyecto/New Interfaces/Proyecto/php/verAlumnos.php:8
[05-May-2019 22:21:46 UTC] PHP Warning:  mysqli_fetch_assoc() expects parameter 1 to be mysqli_result, boolean given in /home/ubuntu/workspace/DAW REPO/ABAK-ControlEgresados/Proyecto/New Interfaces/Proyecto/php/verAlumnos.php on line 4
[05-May-2019 22:21:46 UTC] PHP Stack trace:
[05-May-2019 22:21:46 UTC] PHP   1. {main}() /home/ubuntu/workspace/DAW REPO/ABAK-ControlEgresados/Proyecto/New Interfaces/Proyecto/php/verAlumnos.php:0
[05-May-2019 22:21:46 UTC] PHP   2. mysqli_fetch_assoc() /home/ubuntu/workspace/DAW REPO/ABAK-ControlEgresados/Proyecto/New Interfaces/Proyecto/php/verAlumnos.php:4
[05-May-2019 22:21:46 UTC] PHP Warning:  mysqli_free_result() expects parameter 1 to be mysqli_result, boolean given in /home/ubuntu/workspace/DAW REPO/ABAK-ControlEgresados/Proyecto/New Interfaces/Proyecto/php/verAlumnos.php on line 8
[05-May-2019 22:21:46 UTC] PHP Stack trace:
[05-May-2019 22:21:46 UTC] PHP   1. {main}() /home/ubuntu/workspace/DAW REPO/ABAK-ControlEgresados/Proyecto/New Interfaces/Proyecto/php/verAlumnos.php:0
[05-May-2019 22:21:46 UTC] PHP   2. mysqli_free_result() /home/ubuntu/workspace/DAW REPO/ABAK-ControlEgresados/Proyecto/New Interfaces/Proyecto/php/verAlumnos.php:8
[05-May-2019 22:50:45 UTC] PHP Fatal error:  Call to undefined function surveysThatAreActive() in /home/ubuntu/workspace/DAW REPO/ABAK-ControlEgresados/Proyecto/New Interfaces/Proyecto/php/verEncuestas.php on line 4
[05-May-2019 22:50:45 UTC] PHP Stack trace:
[05-May-2019 22:50:45 UTC] PHP   1. {main}() /home/ubuntu/workspace/DAW REPO/ABAK-ControlEgresados/Proyecto/New Interfaces/Proyecto/php/verEncuestas.php:0
[05-May-2019 22:56:01 UTC] PHP Fatal error:  Call to undefined function surveysThatAreActive() in /home/ubuntu/workspace/DAW REPO/ABAK-ControlEgresados/Proyecto/New Interfaces/Proyecto/php/verEncuestas.php on line 4
[05-May-2019 22:56:01 UTC] PHP Stack trace:
[05-May-2019 22:56:01 UTC] PHP   1. {main}() /home/ubuntu/workspace/DAW REPO/ABAK-ControlEgresados/Proyecto/New Interfaces/Proyecto/php/verEncuestas.php:0
[05-May-2019 22:56:30 UTC] PHP Fatal error:  Call to undefined function surveysThatAreActive() in /home/ubuntu/workspace/DAW REPO/ABAK-ControlEgresados/Proyecto/New Interfaces/Proyecto/php/verEncuestas.php on line 4
[05-May-2019 22:56:30 UTC] PHP Stack trace:
[05-May-2019 22:56:30 UTC] PHP   1. {main}() /home/ubuntu/workspace/DAW REPO/ABAK-ControlEgresados/Proyecto/New Interfaces/Proyecto/php/verEncuestas.php:0
[06-May-2019 14:28:08 UTC] PHP Fatal error:  Call to undefined function surveysThatAreActive() in /home/ubuntu/workspace/DAW REPO/ABAK-ControlEgresados/Proyecto/New Interfaces/Proyecto/php/verEncuestas.php on line 4
[06-May-2019 14:28:08 UTC] PHP Stack trace:
[06-May-2019 14:28:08 UTC] PHP   1. {main}() /home/ubuntu/workspace/DAW REPO/ABAK-ControlEgresados/Proyecto/New Interfaces/Proyecto/php/verEncuestas.php:0
[06-May-2019 16:43:46 UTC] PHP Fatal error:  Call to undefined function surveysThatAreActive() in /home/ubuntu/workspace/DAW REPO/ABAK-ControlEgresados/Proyecto/New Interfaces/Proyecto/php/verEncuestas.php on line 4
[06-May-2019 16:43:46 UTC] PHP Stack trace:
[06-May-2019 16:43:46 UTC] PHP   1. {main}() /home/ubuntu/workspace/DAW REPO/ABAK-ControlEgresados/Proyecto/New Interfaces/Proyecto/php/verEncuestas.php:0
[06-May-2019 19:03:47 UTC] PHP Fatal error:  Call to undefined function surveysThatAreActive() in /home/ubuntu/workspace/DAW REPO/ABAK-ControlEgresados/Proyecto/New Interfaces/Proyecto/php/verEncuestas.php on line 4
[06-May-2019 19:03:47 UTC] PHP Stack trace:
[06-May-2019 19:03:47 UTC] PHP   1. {main}() /home/ubuntu/workspace/DAW REPO/ABAK-ControlEgresados/Proyecto/New Interfaces/Proyecto/php/verEncuestas.php:0
[06-May-2019 21:26:47 UTC] PHP Fatal error:  Call to undefined function surveysThatAreActive() in /home/ubuntu/workspace/DAW REPO/ABAK-ControlEgresados/Proyecto/New Interfaces/Proyecto/php/verEncuestas.php on line 4
[06-May-2019 21:26:47 UTC] PHP Stack trace:
[06-May-2019 21:26:47 UTC] PHP   1. {main}() /home/ubuntu/workspace/DAW REPO/ABAK-ControlEgresados/Proyecto/New Interfaces/Proyecto/php/verEncuestas.php:0
[07-May-2019 02:05:10 UTC] PHP Fatal error:  Call to undefined function surveysThatAreActive() in /home/ubuntu/workspace/DAW REPO/ABAK-ControlEgresados/Proyecto/New Interfaces/Proyecto/php/verEncuestas.php on line 4
[07-May-2019 02:05:10 UTC] PHP Stack trace:
[07-May-2019 02:05:10 UTC] PHP   1. {main}() /home/ubuntu/workspace/DAW REPO/ABAK-ControlEgresados/Proyecto/New Interfaces/Proyecto/php/verEncuestas.php:0
[07-May-2019 12:26:26 UTC] PHP Parse error:  syntax error, unexpected '{' in /home/ubuntu/workspace/DAW REPO/ABAK-ControlEgresados/Proyecto/New Interfaces/Proyecto/php/cambiarEstatusEncuesta.php on line 5
[07-May-2019 14:12:14 UTC] PHP Parse error:  syntax error, unexpected '' (T_ENCAPSED_AND_WHITESPACE), expecting identifier (T_STRING) or variable (T_VARIABLE) or number (T_NUM_STRING) in /home/ubuntu/workspace/DAW REPO/ABAK-ControlEgresados/Proyecto/New Interfaces/Proyecto/php/verEncuestas.php on line 13
[07-May-2019 14:12:41 UTC] PHP Parse error:  syntax error, unexpected '' (T_ENCAPSED_AND_WHITESPACE), expecting identifier (T_STRING) or variable (T_VARIABLE) or number (T_NUM_STRING) in /home/ubuntu/workspace/DAW REPO/ABAK-ControlEgresados/Proyecto/New Interfaces/Proyecto/php/verEncuestas.php on line 13
[07-May-2019 14:12:56 UTC] PHP Parse error:  syntax error, unexpected '' (T_ENCAPSED_AND_WHITESPACE), expecting identifier (T_STRING) or variable (T_VARIABLE) or number (T_NUM_STRING) in /home/ubuntu/workspace/DAW REPO/ABAK-ControlEgresados/Proyecto/New Interfaces/Proyecto/php/verEncuestas.php on line 13
[07-May-2019 14:15:31 UTC] PHP Parse error:  syntax error, unexpected '' (T_ENCAPSED_AND_WHITESPACE), expecting identifier (T_STRING) or variable (T_VARIABLE) or number (T_NUM_STRING) in /home/ubuntu/workspace/DAW REPO/ABAK-ControlEgresados/Proyecto/New Interfaces/Proyecto/php/verEncuestas.php on line 13
[07-May-2019 14:17:27 UTC] PHP Parse error:  syntax error, unexpected '' (T_ENCAPSED_AND_WHITESPACE), expecting identifier (T_STRING) or variable (T_VARIABLE) or number (T_NUM_STRING) in /home/ubuntu/workspace/DAW REPO/ABAK-ControlEgresados/Proyecto/New Interfaces/Proyecto/php/verEncuestas.php on line 13
[07-May-2019 14:20:30 UTC] PHP Parse error:  syntax error, unexpected '' (T_ENCAPSED_AND_WHITESPACE), expecting identifier (T_STRING) or variable (T_VARIABLE) or number (T_NUM_STRING) in /home/ubuntu/workspace/DAW REPO/ABAK-ControlEgresados/Proyecto/New Interfaces/Proyecto/php/verEncuestas.php on line 13
[07-May-2019 14:35:12 UTC] PHP Parse error:  syntax error, unexpected '' (T_ENCAPSED_AND_WHITESPACE), expecting identifier (T_STRING) or variable (T_VARIABLE) or number (T_NUM_STRING) in /home/ubuntu/workspace/DAW REPO/ABAK-ControlEgresados/Proyecto/New Interfaces/Proyecto/php/verEncuestas.php on line 14
[07-May-2019 14:35:19 UTC] PHP Parse error:  syntax error, unexpected '' (T_ENCAPSED_AND_WHITESPACE), expecting identifier (T_STRING) or variable (T_VARIABLE) or number (T_NUM_STRING) in /home/ubuntu/workspace/DAW REPO/ABAK-ControlEgresados/Proyecto/New Interfaces/Proyecto/php/verEncuestas.php on line 14
[07-May-2019 14:35:43 UTC] PHP Parse error:  syntax error, unexpected '' (T_ENCAPSED_AND_WHITESPACE), expecting identifier (T_STRING) or variable (T_VARIABLE) or number (T_NUM_STRING) in /home/ubuntu/workspace/DAW REPO/ABAK-ControlEgresados/Proyecto/New Interfaces/Proyecto/php/verEncuestas.php on line 14
[07-May-2019 14:36:22 UTC] PHP Parse error:  syntax error, unexpected '' (T_ENCAPSED_AND_WHITESPACE), expecting identifier (T_STRING) or variable (T_VARIABLE) or number (T_NUM_STRING) in /home/ubuntu/workspace/DAW REPO/ABAK-ControlEgresados/Proyecto/New Interfaces/Proyecto/php/verEncuestas.php on line 14
[07-May-2019 19:39:19 UTC] PHP Fatal error:  Cannot use isset() on the result of a function call (you can use "null !== func()" instead) in /home/ubuntu/workspace/DAW REPO/ABAK-ControlEgresados/Proyecto/New Interfaces/Proyecto/php/registrarAlumnos.php on line 4
[07-May-2019 20:04:31 UTC] PHP Parse error:  syntax error, unexpected '' (T_ENCAPSED_AND_WHITESPACE), expecting identifier (T_STRING) or variable (T_VARIABLE) or number (T_NUM_STRING) in /home/ubuntu/workspace/DAW REPO/ABAK-ControlEgresados/Proyecto/New Interfaces/Proyecto/php/utils.php on line 711
[07-May-2019 20:04:31 UTC] PHP Stack trace:
[07-May-2019 20:04:31 UTC] PHP   1. {main}() /home/ubuntu/workspace/DAW REPO/ABAK-ControlEgresados/Proyecto/New Interfaces/Proyecto/php/selectGrupo.php:0
[07-May-2019 20:04:31 UTC] PHP Parse error:  syntax error, unexpected '' (T_ENCAPSED_AND_WHITESPACE), expecting identifier (T_STRING) or variable (T_VARIABLE) or number (T_NUM_STRING) in /home/ubuntu/workspace/DAW REPO/ABAK-ControlEgresados/Proyecto/New Interfaces/Proyecto/php/utils.php on line 711
[07-May-2019 20:04:31 UTC] PHP Stack trace:
[07-May-2019 20:04:31 UTC] PHP   1. {main}() /home/ubuntu/workspace/DAW REPO/ABAK-ControlEgresados/Proyecto/New Interfaces/Proyecto/php/selectGeneracion.php:0
[07-May-2019 20:04:31 UTC] PHP Parse error:  syntax error, unexpected '' (T_ENCAPSED_AND_WHITESPACE), expecting identifier (T_STRING) or variable (T_VARIABLE) or number (T_NUM_STRING) in /home/ubuntu/workspace/DAW REPO/ABAK-ControlEgresados/Proyecto/New Interfaces/Proyecto/php/utils.php on line 711
[07-May-2019 20:04:31 UTC] PHP Stack trace:
[07-May-2019 20:04:31 UTC] PHP   1. {main}() /home/ubuntu/workspace/DAW REPO/ABAK-ControlEgresados/Proyecto/New Interfaces/Proyecto/php/selectGrupo.php:0
[07-May-2019 20:04:38 UTC] PHP Parse error:  syntax error, unexpected '' (T_ENCAPSED_AND_WHITESPACE), expecting identifier (T_STRING) or variable (T_VARIABLE) or number (T_NUM_STRING) in /home/ubuntu/workspace/DAW REPO/ABAK-ControlEgresados/Proyecto/New Interfaces/Proyecto/php/utils.php on line 711
[07-May-2019 20:04:38 UTC] PHP Stack trace:
[07-May-2019 20:04:38 UTC] PHP   1. {main}() /home/ubuntu/workspace/DAW REPO/ABAK-ControlEgresados/Proyecto/New Interfaces/Proyecto/php/selectGrupo.php:0
[07-May-2019 20:04:38 UTC] PHP Parse error:  syntax error, unexpected '' (T_ENCAPSED_AND_WHITESPACE), expecting identifier (T_STRING) or variable (T_VARIABLE) or number (T_NUM_STRING) in /home/ubuntu/workspace/DAW REPO/ABAK-ControlEgresados/Proyecto/New Interfaces/Proyecto/php/utils.php on line 711
[07-May-2019 20:04:38 UTC] PHP Stack trace:
[07-May-2019 20:04:38 UTC] PHP   1. {main}() /home/ubuntu/workspace/DAW REPO/ABAK-ControlEgresados/Proyecto/New Interfaces/Proyecto/php/selectGeneracion.php:0
[07-May-2019 20:04:39 UTC] PHP Parse error:  syntax error, unexpected '' (T_ENCAPSED_AND_WHITESPACE), expecting identifier (T_STRING) or variable (T_VARIABLE) or number (T_NUM_STRING) in /home/ubuntu/workspace/DAW REPO/ABAK-ControlEgresados/Proyecto/New Interfaces/Proyecto/php/utils.php on line 711
[07-May-2019 20:04:39 UTC] PHP Stack trace:
[07-May-2019 20:04:39 UTC] PHP   1. {main}() /home/ubuntu/workspace/DAW REPO/ABAK-ControlEgresados/Proyecto/New Interfaces/Proyecto/php/selectGrupo.php:0
[07-May-2019 20:04:48 UTC] PHP Parse error:  syntax error, unexpected '' (T_ENCAPSED_AND_WHITESPACE), expecting identifier (T_STRING) or variable (T_VARIABLE) or number (T_NUM_STRING) in /home/ubuntu/workspace/DAW REPO/ABAK-ControlEgresados/Proyecto/New Interfaces/Proyecto/php/utils.php on line 711
[07-May-2019 20:04:48 UTC] PHP Stack trace:
[07-May-2019 20:04:48 UTC] PHP   1. {main}() /home/ubuntu/workspace/DAW REPO/ABAK-ControlEgresados/Proyecto/New Interfaces/Proyecto/php/selectGeneracion.php:0
[07-May-2019 20:04:48 UTC] PHP Parse error:  syntax error, unexpected '' (T_ENCAPSED_AND_WHITESPACE), expecting identifier (T_STRING) or variable (T_VARIABLE) or number (T_NUM_STRING) in /home/ubuntu/workspace/DAW REPO/ABAK-ControlEgresados/Proyecto/New Interfaces/Proyecto/php/utils.php on line 711
[07-May-2019 20:04:48 UTC] PHP Stack trace:
[07-May-2019 20:04:48 UTC] PHP   1. {main}() /home/ubuntu/workspace/DAW REPO/ABAK-ControlEgresados/Proyecto/New Interfaces/Proyecto/php/selectGrupo.php:0
[07-May-2019 20:04:48 UTC] PHP Parse error:  syntax error, unexpected '' (T_ENCAPSED_AND_WHITESPACE), expecting identifier (T_STRING) or variable (T_VARIABLE) or number (T_NUM_STRING) in /home/ubuntu/workspace/DAW REPO/ABAK-ControlEgresados/Proyecto/New Interfaces/Proyecto/php/utils.php on line 711
[07-May-2019 20:04:48 UTC] PHP Stack trace:
[07-May-2019 20:04:48 UTC] PHP   1. {main}() /home/ubuntu/workspace/DAW REPO/ABAK-ControlEgresados/Proyecto/New Interfaces/Proyecto/php/selectGrupo.php:0
[07-May-2019 20:04:59 UTC] PHP Parse error:  syntax error, unexpected '' (T_ENCAPSED_AND_WHITESPACE), expecting identifier (T_STRING) or variable (T_VARIABLE) or number (T_NUM_STRING) in /home/ubuntu/workspace/DAW REPO/ABAK-ControlEgresados/Proyecto/New Interfaces/Proyecto/php/utils.php on line 711
[07-May-2019 20:04:59 UTC] PHP Stack trace:
[07-May-2019 20:04:59 UTC] PHP   1. {main}() /home/ubuntu/workspace/DAW REPO/ABAK-ControlEgresados/Proyecto/New Interfaces/Proyecto/php/verAlumnos.php:0
[07-May-2019 20:05:10 UTC] PHP Parse error:  syntax error, unexpected '' (T_ENCAPSED_AND_WHITESPACE), expecting identifier (T_STRING) or variable (T_VARIABLE) or number (T_NUM_STRING) in /home/ubuntu/workspace/DAW REPO/ABAK-ControlEgresados/Proyecto/New Interfaces/Proyecto/php/utils.php on line 711
[07-May-2019 20:05:10 UTC] PHP Stack trace:
[07-May-2019 20:05:10 UTC] PHP   1. {main}() /home/ubuntu/workspace/DAW REPO/ABAK-ControlEgresados/Proyecto/New Interfaces/Proyecto/php/verGrupos.php:0
[07-May-2019 20:05:12 UTC] PHP Parse error:  syntax error, unexpected '' (T_ENCAPSED_AND_WHITESPACE), expecting identifier (T_STRING) or variable (T_VARIABLE) or number (T_NUM_STRING) in /home/ubuntu/workspace/DAW REPO/ABAK-ControlEgresados/Proyecto/New Interfaces/Proyecto/php/utils.php on line 711
[07-May-2019 20:05:12 UTC] PHP Stack trace:
[07-May-2019 20:05:12 UTC] PHP   1. {main}() /home/ubuntu/workspace/DAW REPO/ABAK-ControlEgresados/Proyecto/New Interfaces/Proyecto/php/verGrupos.php:0
[07-May-2019 20:05:19 UTC] PHP Parse error:  syntax error, unexpected '' (T_ENCAPSED_AND_WHITESPACE), expecting identifier (T_STRING) or variable (T_VARIABLE) or number (T_NUM_STRING) in /home/ubuntu/workspace/DAW REPO/ABAK-ControlEgresados/Proyecto/New Interfaces/Proyecto/php/utils.php on line 711
[07-May-2019 20:05:19 UTC] PHP Stack trace:
[07-May-2019 20:05:19 UTC] PHP   1. {main}() /home/ubuntu/workspace/DAW REPO/ABAK-ControlEgresados/Proyecto/New Interfaces/Proyecto/php/selectGrupo.php:0
[07-May-2019 20:05:19 UTC] PHP Parse error:  syntax error, unexpected '' (T_ENCAPSED_AND_WHITESPACE), expecting identifier (T_STRING) or variable (T_VARIABLE) or number (T_NUM_STRING) in /home/ubuntu/workspace/DAW REPO/ABAK-ControlEgresados/Proyecto/New Interfaces/Proyecto/php/utils.php on line 711
[07-May-2019 20:05:19 UTC] PHP Stack trace:
[07-May-2019 20:05:19 UTC] PHP   1. {main}() /home/ubuntu/workspace/DAW REPO/ABAK-ControlEgresados/Proyecto/New Interfaces/Proyecto/php/verAlumnos.php:0
[07-May-2019 20:05:28 UTC] PHP Parse error:  syntax error, unexpected '' (T_ENCAPSED_AND_WHITESPACE), expecting identifier (T_STRING) or variable (T_VARIABLE) or number (T_NUM_STRING) in /home/ubuntu/workspace/DAW REPO/ABAK-ControlEgresados/Proyecto/New Interfaces/Proyecto/php/utils.php on line 711
[07-May-2019 20:05:28 UTC] PHP Stack trace:
[07-May-2019 20:05:28 UTC] PHP   1. {main}() /home/ubuntu/workspace/DAW REPO/ABAK-ControlEgresados/Proyecto/New Interfaces/Proyecto/php/verAlumnos.php:0
[07-May-2019 20:05:28 UTC] PHP Parse error:  syntax error, unexpected '' (T_ENCAPSED_AND_WHITESPACE), expecting identifier (T_STRING) or variable (T_VARIABLE) or number (T_NUM_STRING) in /home/ubuntu/workspace/DAW REPO/ABAK-ControlEgresados/Proyecto/New Interfaces/Proyecto/php/utils.php on line 711
[07-May-2019 20:05:28 UTC] PHP Stack trace:
[07-May-2019 20:05:28 UTC] PHP   1. {main}() /home/ubuntu/workspace/DAW REPO/ABAK-ControlEgresados/Proyecto/New Interfaces/Proyecto/php/selectGrupo.php:0
[07-May-2019 20:05:28 UTC] PHP Parse error:  syntax error, unexpected '' (T_ENCAPSED_AND_WHITESPACE), expecting identifier (T_STRING) or variable (T_VARIABLE) or number (T_NUM_STRING) in /home/ubuntu/workspace/DAW REPO/ABAK-ControlEgresados/Proyecto/New Interfaces/Proyecto/php/utils.php on line 711
[07-May-2019 20:05:28 UTC] PHP Stack trace:
[07-May-2019 20:05:28 UTC] PHP   1. {main}() /home/ubuntu/workspace/DAW REPO/ABAK-ControlEgresados/Proyecto/New Interfaces/Proyecto/php/verAlumnos.php:0
[07-May-2019 20:05:31 UTC] PHP Parse error:  syntax error, unexpected '' (T_ENCAPSED_AND_WHITESPACE), expecting identifier (T_STRING) or variable (T_VARIABLE) or number (T_NUM_STRING) in /home/ubuntu/workspace/DAW REPO/ABAK-ControlEgresados/Proyecto/New Interfaces/Proyecto/php/utils.php on line 711
[07-May-2019 20:05:31 UTC] PHP Stack trace:
[07-May-2019 20:05:31 UTC] PHP   1. {main}() /home/ubuntu/workspace/DAW REPO/ABAK-ControlEgresados/Proyecto/New Interfaces/Proyecto/php/obtenerDatosNombre.php:0
[07-May-2019 20:05:31 UTC] PHP Parse error:  syntax error, unexpected '' (T_ENCAPSED_AND_WHITESPACE), expecting identifier (T_STRING) or variable (T_VARIABLE) or number (T_NUM_STRING) in /home/ubuntu/workspace/DAW REPO/ABAK-ControlEgresados/Proyecto/New Interfaces/Proyecto/php/utils.php on line 711
[07-May-2019 20:05:31 UTC] PHP Stack trace:
[07-May-2019 20:05:31 UTC] PHP   1. {main}() /home/ubuntu/workspace/DAW REPO/ABAK-ControlEgresados/Proyecto/New Interfaces/Proyecto/php/obtenerDatosApaterno.php:0
[07-May-2019 20:05:31 UTC] PHP Parse error:  syntax error, unexpected '' (T_ENCAPSED_AND_WHITESPACE), expecting identifier (T_STRING) or variable (T_VARIABLE) or number (T_NUM_STRING) in /home/ubuntu/workspace/DAW REPO/ABAK-ControlEgresados/Proyecto/New Interfaces/Proyecto/php/utils.php on line 711
[07-May-2019 20:05:31 UTC] PHP Stack trace:
[07-May-2019 20:05:31 UTC] PHP   1. {main}() /home/ubuntu/workspace/DAW REPO/ABAK-ControlEgresados/Proyecto/New Interfaces/Proyecto/php/obtenerDatosAmaterno.php:0
[07-May-2019 20:05:31 UTC] PHP Parse error:  syntax error, unexpected '' (T_ENCAPSED_AND_WHITESPACE), expecting identifier (T_STRING) or variable (T_VARIABLE) or number (T_NUM_STRING) in /home/ubuntu/workspace/DAW REPO/ABAK-ControlEgresados/Proyecto/New Interfaces/Proyecto/php/utils.php on line 711
[07-May-2019 20:05:31 UTC] PHP Stack trace:
[07-May-2019 20:05:31 UTC] PHP   1. {main}() /home/ubuntu/workspace/DAW REPO/ABAK-ControlEgresados/Proyecto/New Interfaces/Proyecto/php/obtenerDatosLadaMovil.php:0
[07-May-2019 20:05:31 UTC] PHP Parse error:  syntax error, unexpected '' (T_ENCAPSED_AND_WHITESPACE), expecting identifier (T_STRING) or variable (T_VARIABLE) or number (T_NUM_STRING) in /home/ubuntu/workspace/DAW REPO/ABAK-ControlEgresados/Proyecto/New Interfaces/Proyecto/php/utils.php on line 711
[07-May-2019 20:05:31 UTC] PHP Stack trace:
[07-May-2019 20:05:31 UTC] PHP   1. {main}() /home/ubuntu/workspace/DAW REPO/ABAK-ControlEgresados/Proyecto/New Interfaces/Proyecto/php/obtenerDatosCorreo.php:0
[07-May-2019 20:05:31 UTC] PHP Parse error:  syntax error, unexpected '' (T_ENCAPSED_AND_WHITESPACE), expecting identifier (T_STRING) or variable (T_VARIABLE) or number (T_NUM_STRING) in /home/ubuntu/workspace/DAW REPO/ABAK-ControlEgresados/Proyecto/New Interfaces/Proyecto/php/utils.php on line 711
[07-May-2019 20:05:31 UTC] PHP Stack trace:
[07-May-2019 20:05:31 UTC] PHP   1. {main}() /home/ubuntu/workspace/DAW REPO/ABAK-ControlEgresados/Proyecto/New Interfaces/Proyecto/php/obtenerDatosMovil.php:0
[07-May-2019 20:05:31 UTC] PHP Parse error:  syntax error, unexpected '' (T_ENCAPSED_AND_WHITESPACE), expecting identifier (T_STRING) or variable (T_VARIABLE) or number (T_NUM_STRING) in /home/ubuntu/workspace/DAW REPO/ABAK-ControlEgresados/Proyecto/New Interfaces/Proyecto/php/utils.php on line 711
[07-May-2019 20:05:31 UTC] PHP Stack trace:
[07-May-2019 20:05:31 UTC] PHP   1. {main}() /home/ubuntu/workspace/DAW REPO/ABAK-ControlEgresados/Proyecto/New Interfaces/Proyecto/php/obtenerPerfil.php:0
[07-May-2019 20:05:49 UTC] PHP Parse error:  syntax error, unexpected '' (T_ENCAPSED_AND_WHITESPACE), expecting identifier (T_STRING) or variable (T_VARIABLE) or number (T_NUM_STRING) in /home/ubuntu/workspace/DAW REPO/ABAK-ControlEgresados/Proyecto/New Interfaces/Proyecto/php/utils.php on line 711
[07-May-2019 20:05:49 UTC] PHP Stack trace:
[07-May-2019 20:05:49 UTC] PHP   1. {main}() /home/ubuntu/workspace/DAW REPO/ABAK-ControlEgresados/Proyecto/New Interfaces/Proyecto/php/obtenerDatosNombre.php:0
[07-May-2019 20:05:49 UTC] PHP Parse error:  syntax error, unexpected '' (T_ENCAPSED_AND_WHITESPACE), expecting identifier (T_STRING) or variable (T_VARIABLE) or number (T_NUM_STRING) in /home/ubuntu/workspace/DAW REPO/ABAK-ControlEgresados/Proyecto/New Interfaces/Proyecto/php/utils.php on line 711
[07-May-2019 20:05:49 UTC] PHP Stack trace:
[07-May-2019 20:05:49 UTC] PHP   1. {main}() /home/ubuntu/workspace/DAW REPO/ABAK-ControlEgresados/Proyecto/New Interfaces/Proyecto/php/obtenerDatosAmaterno.php:0
[07-May-2019 20:05:49 UTC] PHP Parse error:  syntax error, unexpected '' (T_ENCAPSED_AND_WHITESPACE), expecting identifier (T_STRING) or variable (T_VARIABLE) or number (T_NUM_STRING) in /home/ubuntu/workspace/DAW REPO/ABAK-ControlEgresados/Proyecto/New Interfaces/Proyecto/php/utils.php on line 711
[07-May-2019 20:05:49 UTC] PHP Stack trace:
[07-May-2019 20:05:49 UTC] PHP   1. {main}() /home/ubuntu/workspace/DAW REPO/ABAK-ControlEgresados/Proyecto/New Interfaces/Proyecto/php/obtenerDatosMovil.php:0
[07-May-2019 20:05:49 UTC] PHP Parse error:  syntax error, unexpected '' (T_ENCAPSED_AND_WHITESPACE), expecting identifier (T_STRING) or variable (T_VARIABLE) or number (T_NUM_STRING) in /home/ubuntu/workspace/DAW REPO/ABAK-ControlEgresados/Proyecto/New Interfaces/Proyecto/php/utils.php on line 711
[07-May-2019 20:05:49 UTC] PHP Stack trace:
[07-May-2019 20:05:49 UTC] PHP   1. {main}() /home/ubuntu/workspace/DAW REPO/ABAK-ControlEgresados/Proyecto/New Interfaces/Proyecto/php/obtenerPerfil.php:0
[07-May-2019 20:05:49 UTC] PHP Parse error:  syntax error, unexpected '' (T_ENCAPSED_AND_WHITESPACE), expecting identifier (T_STRING) or variable (T_VARIABLE) or number (T_NUM_STRING) in /home/ubuntu/workspace/DAW REPO/ABAK-ControlEgresados/Proyecto/New Interfaces/Proyecto/php/utils.php on line 711
[07-May-2019 20:05:49 UTC] PHP Stack trace:
[07-May-2019 20:05:49 UTC] PHP   1. {main}() /home/ubuntu/workspace/DAW REPO/ABAK-ControlEgresados/Proyecto/New Interfaces/Proyecto/php/obtenerDatosLadaMovil.php:0
[07-May-2019 20:05:49 UTC] PHP Parse error:  syntax error, unexpected '' (T_ENCAPSED_AND_WHITESPACE), expecting identifier (T_STRING) or variable (T_VARIABLE) or number (T_NUM_STRING) in /home/ubuntu/workspace/DAW REPO/ABAK-ControlEgresados/Proyecto/New Interfaces/Proyecto/php/utils.php on line 711
[07-May-2019 20:05:49 UTC] PHP Stack trace:
[07-May-2019 20:05:49 UTC] PHP   1. {main}() /home/ubuntu/workspace/DAW REPO/ABAK-ControlEgresados/Proyecto/New Interfaces/Proyecto/php/obtenerDatosApaterno.php:0
[07-May-2019 20:05:49 UTC] PHP Parse error:  syntax error, unexpected '' (T_ENCAPSED_AND_WHITESPACE), expecting identifier (T_STRING) or variable (T_VARIABLE) or number (T_NUM_STRING) in /home/ubuntu/workspace/DAW REPO/ABAK-ControlEgresados/Proyecto/New Interfaces/Proyecto/php/utils.php on line 711
[07-May-2019 20:05:49 UTC] PHP Stack trace:
[07-May-2019 20:05:49 UTC] PHP   1. {main}() /home/ubuntu/workspace/DAW REPO/ABAK-ControlEgresados/Proyecto/New Interfaces/Proyecto/php/obtenerDatosCorreo.php:0
[07-May-2019 20:06:07 UTC] PHP Parse error:  syntax error, unexpected '' (T_ENCAPSED_AND_WHITESPACE), expecting identifier (T_STRING) or variable (T_VARIABLE) or number (T_NUM_STRING) in /home/ubuntu/workspace/DAW REPO/ABAK-ControlEgresados/Proyecto/New Interfaces/Proyecto/php/utils.php on line 711
[07-May-2019 20:06:07 UTC] PHP Stack trace:
[07-May-2019 20:06:07 UTC] PHP   1. {main}() /home/ubuntu/workspace/DAW REPO/ABAK-ControlEgresados/Proyecto/New Interfaces/Proyecto/php/verEncuestas.php:0
[07-May-2019 20:06:08 UTC] PHP Parse error:  syntax error, unexpected '' (T_ENCAPSED_AND_WHITESPACE), expecting identifier (T_STRING) or variable (T_VARIABLE) or number (T_NUM_STRING) in /home/ubuntu/workspace/DAW REPO/ABAK-ControlEgresados/Proyecto/New Interfaces/Proyecto/php/utils.php on line 711
[07-May-2019 20:06:08 UTC] PHP Stack trace:
[07-May-2019 20:06:08 UTC] PHP   1. {main}() /home/ubuntu/workspace/DAW REPO/ABAK-ControlEgresados/Proyecto/New Interfaces/Proyecto/php/selectGrupo.php:0
[07-May-2019 20:06:08 UTC] PHP Parse error:  syntax error, unexpected '' (T_ENCAPSED_AND_WHITESPACE), expecting identifier (T_STRING) or variable (T_VARIABLE) or number (T_NUM_STRING) in /home/ubuntu/workspace/DAW REPO/ABAK-ControlEgresados/Proyecto/New Interfaces/Proyecto/php/utils.php on line 711
[07-May-2019 20:06:08 UTC] PHP Stack trace:
[07-May-2019 20:06:08 UTC] PHP   1. {main}() /home/ubuntu/workspace/DAW REPO/ABAK-ControlEgresados/Proyecto/New Interfaces/Proyecto/php/selectGeneracion.php:0
[07-May-2019 20:06:08 UTC] PHP Parse error:  syntax error, unexpected '' (T_ENCAPSED_AND_WHITESPACE), expecting identifier (T_STRING) or variable (T_VARIABLE) or number (T_NUM_STRING) in /home/ubuntu/workspace/DAW REPO/ABAK-ControlEgresados/Proyecto/New Interfaces/Proyecto/php/utils.php on line 711
[07-May-2019 20:06:08 UTC] PHP Stack trace:
[07-May-2019 20:06:08 UTC] PHP   1. {main}() /home/ubuntu/workspace/DAW REPO/ABAK-ControlEgresados/Proyecto/New Interfaces/Proyecto/php/selectGrupo.php:0
[07-May-2019 20:06:16 UTC] PHP Parse error:  syntax error, unexpected '' (T_ENCAPSED_AND_WHITESPACE), expecting identifier (T_STRING) or variable (T_VARIABLE) or number (T_NUM_STRING) in /home/ubuntu/workspace/DAW REPO/ABAK-ControlEgresados/Proyecto/New Interfaces/Proyecto/php/utils.php on line 711
[07-May-2019 20:06:16 UTC] PHP Stack trace:
[07-May-2019 20:06:16 UTC] PHP   1. {main}() /home/ubuntu/workspace/DAW REPO/ABAK-ControlEgresados/Proyecto/New Interfaces/Proyecto/php/obtenerDatosNombre.php:0
[07-May-2019 20:06:16 UTC] PHP Parse error:  syntax error, unexpected '' (T_ENCAPSED_AND_WHITESPACE), expecting identifier (T_STRING) or variable (T_VARIABLE) or number (T_NUM_STRING) in /home/ubuntu/workspace/DAW REPO/ABAK-ControlEgresados/Proyecto/New Interfaces/Proyecto/php/utils.php on line 711
[07-May-2019 20:06:16 UTC] PHP Stack trace:
[07-May-2019 20:06:16 UTC] PHP   1. {main}() /home/ubuntu/workspace/DAW REPO/ABAK-ControlEgresados/Proyecto/New Interfaces/Proyecto/php/obtenerDatosLadaMovil.php:0
[07-May-2019 20:06:16 UTC] PHP Parse error:  syntax error, unexpected '' (T_ENCAPSED_AND_WHITESPACE), expecting identifier (T_STRING) or variable (T_VARIABLE) or number (T_NUM_STRING) in /home/ubuntu/workspace/DAW REPO/ABAK-ControlEgresados/Proyecto/New Interfaces/Proyecto/php/utils.php on line 711
[07-May-2019 20:06:16 UTC] PHP Stack trace:
[07-May-2019 20:06:16 UTC] PHP   1. {main}() /home/ubuntu/workspace/DAW REPO/ABAK-ControlEgresados/Proyecto/New Interfaces/Proyecto/php/obtenerDatosAmaterno.php:0
[07-May-2019 20:06:16 UTC] PHP Parse error:  syntax error, unexpected '' (T_ENCAPSED_AND_WHITESPACE), expecting identifier (T_STRING) or variable (T_VARIABLE) or number (T_NUM_STRING) in /home/ubuntu/workspace/DAW REPO/ABAK-ControlEgresados/Proyecto/New Interfaces/Proyecto/php/utils.php on line 711
[07-May-2019 20:06:16 UTC] PHP Stack trace:
[07-May-2019 20:06:16 UTC] PHP   1. {main}() /home/ubuntu/workspace/DAW REPO/ABAK-ControlEgresados/Proyecto/New Interfaces/Proyecto/php/obtenerDatosApaterno.php:0
[07-May-2019 20:06:16 UTC] PHP Parse error:  syntax error, unexpected '' (T_ENCAPSED_AND_WHITESPACE), expecting identifier (T_STRING) or variable (T_VARIABLE) or number (T_NUM_STRING) in /home/ubuntu/workspace/DAW REPO/ABAK-ControlEgresados/Proyecto/New Interfaces/Proyecto/php/utils.php on line 711
[07-May-2019 20:06:16 UTC] PHP Stack trace:
[07-May-2019 20:06:16 UTC] PHP   1. {main}() /home/ubuntu/workspace/DAW REPO/ABAK-ControlEgresados/Proyecto/New Interfaces/Proyecto/php/obtenerDatosCorreo.php:0
[07-May-2019 20:06:16 UTC] PHP Parse error:  syntax error, unexpected '' (T_ENCAPSED_AND_WHITESPACE), expecting identifier (T_STRING) or variable (T_VARIABLE) or number (T_NUM_STRING) in /home/ubuntu/workspace/DAW REPO/ABAK-ControlEgresados/Proyecto/New Interfaces/Proyecto/php/utils.php on line 711
[07-May-2019 20:06:16 UTC] PHP Stack trace:
[07-May-2019 20:06:16 UTC] PHP   1. {main}() /home/ubuntu/workspace/DAW REPO/ABAK-ControlEgresados/Proyecto/New Interfaces/Proyecto/php/obtenerDatosMovil.php:0
[07-May-2019 20:06:16 UTC] PHP Parse error:  syntax error, unexpected '' (T_ENCAPSED_AND_WHITESPACE), expecting identifier (T_STRING) or variable (T_VARIABLE) or number (T_NUM_STRING) in /home/ubuntu/workspace/DAW REPO/ABAK-ControlEgresados/Proyecto/New Interfaces/Proyecto/php/utils.php on line 711
[07-May-2019 20:06:16 UTC] PHP Stack trace:
[07-May-2019 20:06:16 UTC] PHP   1. {main}() /home/ubuntu/workspace/DAW REPO/ABAK-ControlEgresados/Proyecto/New Interfaces/Proyecto/php/obtenerPerfil.php:0
[07-May-2019 20:07:00 UTC] PHP Parse error:  syntax error, unexpected '' (T_ENCAPSED_AND_WHITESPACE), expecting identifier (T_STRING) or variable (T_VARIABLE) or number (T_NUM_STRING) in /home/ubuntu/workspace/DAW REPO/ABAK-ControlEgresados/Proyecto/New Interfaces/Proyecto/php/utils.php on line 711
[07-May-2019 20:07:00 UTC] PHP Stack trace:
[07-May-2019 20:07:00 UTC] PHP   1. {main}() /home/ubuntu/workspace/DAW REPO/ABAK-ControlEgresados/Proyecto/New Interfaces/Proyecto/php/obtenerDatosLadaMovil.php:0
[07-May-2019 20:07:00 UTC] PHP Parse error:  syntax error, unexpected '' (T_ENCAPSED_AND_WHITESPACE), expecting identifier (T_STRING) or variable (T_VARIABLE) or number (T_NUM_STRING) in /home/ubuntu/workspace/DAW REPO/ABAK-ControlEgresados/Proyecto/New Interfaces/Proyecto/php/utils.php on line 711
[07-May-2019 20:07:00 UTC] PHP Stack trace:
[07-May-2019 20:07:00 UTC] PHP   1. {main}() /home/ubuntu/workspace/DAW REPO/ABAK-ControlEgresados/Proyecto/New Interfaces/Proyecto/php/obtenerDatosCorreo.php:0
[07-May-2019 20:07:00 UTC] PHP Parse error:  syntax error, unexpected '' (T_ENCAPSED_AND_WHITESPACE), expecting identifier (T_STRING) or variable (T_VARIABLE) or number (T_NUM_STRING) in /home/ubuntu/workspace/DAW REPO/ABAK-ControlEgresados/Proyecto/New Interfaces/Proyecto/php/utils.php on line 711
[07-May-2019 20:07:00 UTC] PHP Stack trace:
[07-May-2019 20:07:00 UTC] PHP   1. {main}() /home/ubuntu/workspace/DAW REPO/ABAK-ControlEgresados/Proyecto/New Interfaces/Proyecto/php/obtenerDatosAmaterno.php:0
[07-May-2019 20:07:00 UTC] PHP Parse error:  syntax error, unexpected '' (T_ENCAPSED_AND_WHITESPACE), expecting identifier (T_STRING) or variable (T_VARIABLE) or number (T_NUM_STRING) in /home/ubuntu/workspace/DAW REPO/ABAK-ControlEgresados/Proyecto/New Interfaces/Proyecto/php/utils.php on line 711
[07-May-2019 20:07:00 UTC] PHP Stack trace:
[07-May-2019 20:07:00 UTC] PHP   1. {main}() /home/ubuntu/workspace/DAW REPO/ABAK-ControlEgresados/Proyecto/New Interfaces/Proyecto/php/obtenerDatosNombre.php:0
[07-May-2019 20:07:00 UTC] PHP Parse error:  syntax error, unexpected '' (T_ENCAPSED_AND_WHITESPACE), expecting identifier (T_STRING) or variable (T_VARIABLE) or number (T_NUM_STRING) in /home/ubuntu/workspace/DAW REPO/ABAK-ControlEgresados/Proyecto/New Interfaces/Proyecto/php/utils.php on line 711
[07-May-2019 20:07:00 UTC] PHP Stack trace:
[07-May-2019 20:07:00 UTC] PHP   1. {main}() /home/ubuntu/workspace/DAW REPO/ABAK-ControlEgresados/Proyecto/New Interfaces/Proyecto/php/obtenerDatosApaterno.php:0
[07-May-2019 20:07:00 UTC] PHP Parse error:  syntax error, unexpected '' (T_ENCAPSED_AND_WHITESPACE), expecting identifier (T_STRING) or variable (T_VARIABLE) or number (T_NUM_STRING) in /home/ubuntu/workspace/DAW REPO/ABAK-ControlEgresados/Proyecto/New Interfaces/Proyecto/php/utils.php on line 711
[07-May-2019 20:07:00 UTC] PHP Stack trace:
[07-May-2019 20:07:00 UTC] PHP   1. {main}() /home/ubuntu/workspace/DAW REPO/ABAK-ControlEgresados/Proyecto/New Interfaces/Proyecto/php/obtenerPerfil.php:0
[07-May-2019 20:07:00 UTC] PHP Parse error:  syntax error, unexpected '' (T_ENCAPSED_AND_WHITESPACE), expecting identifier (T_STRING) or variable (T_VARIABLE) or number (T_NUM_STRING) in /home/ubuntu/workspace/DAW REPO/ABAK-ControlEgresados/Proyecto/New Interfaces/Proyecto/php/utils.php on line 711
[07-May-2019 20:07:00 UTC] PHP Stack trace:
[07-May-2019 20:07:00 UTC] PHP   1. {main}() /home/ubuntu/workspace/DAW REPO/ABAK-ControlEgresados/Proyecto/New Interfaces/Proyecto/php/obtenerDatosMovil.php:0
[07-May-2019 20:07:15 UTC] PHP Parse error:  syntax error, unexpected '' (T_ENCAPSED_AND_WHITESPACE), expecting identifier (T_STRING) or variable (T_VARIABLE) or number (T_NUM_STRING) in /home/ubuntu/workspace/DAW REPO/ABAK-ControlEgresados/Proyecto/New Interfaces/Proyecto/php/utils.php on line 711
[07-May-2019 20:07:15 UTC] PHP Stack trace:
[07-May-2019 20:07:15 UTC] PHP   1. {main}() /home/ubuntu/workspace/DAW REPO/ABAK-ControlEgresados/Proyecto/New Interfaces/Proyecto/php/obtenerDatosNombre.php:0
[07-May-2019 20:07:15 UTC] PHP Parse error:  syntax error, unexpected '' (T_ENCAPSED_AND_WHITESPACE), expecting identifier (T_STRING) or variable (T_VARIABLE) or number (T_NUM_STRING) in /home/ubuntu/workspace/DAW REPO/ABAK-ControlEgresados/Proyecto/New Interfaces/Proyecto/php/utils.php on line 711
[07-May-2019 20:07:15 UTC] PHP Stack trace:
[07-May-2019 20:07:15 UTC] PHP   1. {main}() /home/ubuntu/workspace/DAW REPO/ABAK-ControlEgresados/Proyecto/New Interfaces/Proyecto/php/obtenerDatosApaterno.php:0
[07-May-2019 20:07:15 UTC] PHP Parse error:  syntax error, unexpected '' (T_ENCAPSED_AND_WHITESPACE), expecting identifier (T_STRING) or variable (T_VARIABLE) or number (T_NUM_STRING) in /home/ubuntu/workspace/DAW REPO/ABAK-ControlEgresados/Proyecto/New Interfaces/Proyecto/php/utils.php on line 711
[07-May-2019 20:07:15 UTC] PHP Stack trace:
[07-May-2019 20:07:15 UTC] PHP   1. {main}() /home/ubuntu/workspace/DAW REPO/ABAK-ControlEgresados/Proyecto/New Interfaces/Proyecto/php/obtenerDatosAmaterno.php:0
[07-May-2019 20:07:15 UTC] PHP Parse error:  syntax error, unexpected '' (T_ENCAPSED_AND_WHITESPACE), expecting identifier (T_STRING) or variable (T_VARIABLE) or number (T_NUM_STRING) in /home/ubuntu/workspace/DAW REPO/ABAK-ControlEgresados/Proyecto/New Interfaces/Proyecto/php/utils.php on line 711
[07-May-2019 20:07:15 UTC] PHP Stack trace:
[07-May-2019 20:07:15 UTC] PHP   1. {main}() /home/ubuntu/workspace/DAW REPO/ABAK-ControlEgresados/Proyecto/New Interfaces/Proyecto/php/obtenerDatosCorreo.php:0
[07-May-2019 20:07:15 UTC] PHP Parse error:  syntax error, unexpected '' (T_ENCAPSED_AND_WHITESPACE), expecting identifier (T_STRING) or variable (T_VARIABLE) or number (T_NUM_STRING) in /home/ubuntu/workspace/DAW REPO/ABAK-ControlEgresados/Proyecto/New Interfaces/Proyecto/php/utils.php on line 711
[07-May-2019 20:07:15 UTC] PHP Stack trace:
[07-May-2019 20:07:15 UTC] PHP   1. {main}() /home/ubuntu/workspace/DAW REPO/ABAK-ControlEgresados/Proyecto/New Interfaces/Proyecto/php/obtenerDatosLadaMovil.php:0
[07-May-2019 20:07:15 UTC] PHP Parse error:  syntax error, unexpected '' (T_ENCAPSED_AND_WHITESPACE), expecting identifier (T_STRING) or variable (T_VARIABLE) or number (T_NUM_STRING) in /home/ubuntu/workspace/DAW REPO/ABAK-ControlEgresados/Proyecto/New Interfaces/Proyecto/php/utils.php on line 711
[07-May-2019 20:07:15 UTC] PHP Stack trace:
[07-May-2019 20:07:15 UTC] PHP   1. {main}() /home/ubuntu/workspace/DAW REPO/ABAK-ControlEgresados/Proyecto/New Interfaces/Proyecto/php/obtenerDatosMovil.php:0
[07-May-2019 20:07:15 UTC] PHP Parse error:  syntax error, unexpected '' (T_ENCAPSED_AND_WHITESPACE), expecting identifier (T_STRING) or variable (T_VARIABLE) or number (T_NUM_STRING) in /home/ubuntu/workspace/DAW REPO/ABAK-ControlEgresados/Proyecto/New Interfaces/Proyecto/php/utils.php on line 711
[07-May-2019 20:07:15 UTC] PHP Stack trace:
[07-May-2019 20:07:15 UTC] PHP   1. {main}() /home/ubuntu/workspace/DAW REPO/ABAK-ControlEgresados/Proyecto/New Interfaces/Proyecto/php/obtenerPerfil.php:0
[07-May-2019 20:07:16 UTC] PHP Parse error:  syntax error, unexpected '' (T_ENCAPSED_AND_WHITESPACE), expecting identifier (T_STRING) or variable (T_VARIABLE) or number (T_NUM_STRING) in /home/ubuntu/workspace/DAW REPO/ABAK-ControlEgresados/Proyecto/New Interfaces/Proyecto/php/utils.php on line 711
[07-May-2019 20:07:16 UTC] PHP Stack trace:
[07-May-2019 20:07:16 UTC] PHP   1. {main}() /home/ubuntu/workspace/DAW REPO/ABAK-ControlEgresados/Proyecto/New Interfaces/Proyecto/php/obtenerDatosNombre.php:0
[07-May-2019 20:07:16 UTC] PHP Parse error:  syntax error, unexpected '' (T_ENCAPSED_AND_WHITESPACE), expecting identifier (T_STRING) or variable (T_VARIABLE) or number (T_NUM_STRING) in /home/ubuntu/workspace/DAW REPO/ABAK-ControlEgresados/Proyecto/New Interfaces/Proyecto/php/utils.php on line 711
[07-May-2019 20:07:16 UTC] PHP Stack trace:
[07-May-2019 20:07:16 UTC] PHP   1. {main}() /home/ubuntu/workspace/DAW REPO/ABAK-ControlEgresados/Proyecto/New Interfaces/Proyecto/php/obtenerDatosApaterno.php:0
[07-May-2019 20:07:16 UTC] PHP Parse error:  syntax error, unexpected '' (T_ENCAPSED_AND_WHITESPACE), expecting identifier (T_STRING) or variable (T_VARIABLE) or number (T_NUM_STRING) in /home/ubuntu/workspace/DAW REPO/ABAK-ControlEgresados/Proyecto/New Interfaces/Proyecto/php/utils.php on line 711
[07-May-2019 20:07:16 UTC] PHP Stack trace:
[07-May-2019 20:07:16 UTC] PHP   1. {main}() /home/ubuntu/workspace/DAW REPO/ABAK-ControlEgresados/Proyecto/New Interfaces/Proyecto/php/obtenerDatosAmaterno.php:0
[07-May-2019 20:07:16 UTC] PHP Parse error:  syntax error, unexpected '' (T_ENCAPSED_AND_WHITESPACE), expecting identifier (T_STRING) or variable (T_VARIABLE) or number (T_NUM_STRING) in /home/ubuntu/workspace/DAW REPO/ABAK-ControlEgresados/Proyecto/New Interfaces/Proyecto/php/utils.php on line 711
[07-May-2019 20:07:16 UTC] PHP Stack trace:
[07-May-2019 20:07:16 UTC] PHP   1. {main}() /home/ubuntu/workspace/DAW REPO/ABAK-ControlEgresados/Proyecto/New Interfaces/Proyecto/php/obtenerDatosCorreo.php:0
[07-May-2019 20:07:16 UTC] PHP Parse error:  syntax error, unexpected '' (T_ENCAPSED_AND_WHITESPACE), expecting identifier (T_STRING) or variable (T_VARIABLE) or number (T_NUM_STRING) in /home/ubuntu/workspace/DAW REPO/ABAK-ControlEgresados/Proyecto/New Interfaces/Proyecto/php/utils.php on line 711
[07-May-2019 20:07:16 UTC] PHP Stack trace:
[07-May-2019 20:07:16 UTC] PHP   1. {main}() /home/ubuntu/workspace/DAW REPO/ABAK-ControlEgresados/Proyecto/New Interfaces/Proyecto/php/obtenerDatosLadaMovil.php:0
[07-May-2019 20:07:16 UTC] PHP Parse error:  syntax error, unexpected '' (T_ENCAPSED_AND_WHITESPACE), expecting identifier (T_STRING) or variable (T_VARIABLE) or number (T_NUM_STRING) in /home/ubuntu/workspace/DAW REPO/ABAK-ControlEgresados/Proyecto/New Interfaces/Proyecto/php/utils.php on line 711
[07-May-2019 20:07:16 UTC] PHP Stack trace:
[07-May-2019 20:07:16 UTC] PHP   1. {main}() /home/ubuntu/workspace/DAW REPO/ABAK-ControlEgresados/Proyecto/New Interfaces/Proyecto/php/obtenerDatosMovil.php:0
[07-May-2019 20:07:21 UTC] PHP Warning:  mysqli_num_rows() expects parameter 1 to be mysqli_result, null given in /home/ubuntu/workspace/DAW REPO/ABAK-ControlEgresados/Proyecto/New Interfaces/Proyecto/php/verEncuestas.php on line 7
[07-May-2019 20:07:21 UTC] PHP Stack trace:
[07-May-2019 20:07:21 UTC] PHP   1. {main}() /home/ubuntu/workspace/DAW REPO/ABAK-ControlEgresados/Proyecto/New Interfaces/Proyecto/php/verEncuestas.php:0
[07-May-2019 20:07:21 UTC] PHP   2. mysqli_num_rows() /home/ubuntu/workspace/DAW REPO/ABAK-ControlEgresados/Proyecto/New Interfaces/Proyecto/php/verEncuestas.php:7
[07-May-2019 20:08:10 UTC] PHP Parse error:  syntax error, unexpected '}' in /home/ubuntu/workspace/DAW REPO/ABAK-ControlEgresados/Proyecto/New Interfaces/Proyecto/php/utils.php on line 740
[07-May-2019 20:08:10 UTC] PHP Stack trace:
[07-May-2019 20:08:10 UTC] PHP   1. {main}() /home/ubuntu/workspace/DAW REPO/ABAK-ControlEgresados/Proyecto/New Interfaces/Proyecto/php/registrarAlumnos.php:0
[07-May-2019 20:08:21 UTC] PHP Parse error:  syntax error, unexpected '}' in /home/ubuntu/workspace/DAW REPO/ABAK-ControlEgresados/Proyecto/New Interfaces/Proyecto/php/utils.php on line 740
[07-May-2019 20:08:21 UTC] PHP Stack trace:
[07-May-2019 20:08:21 UTC] PHP   1. {main}() /home/ubuntu/workspace/DAW REPO/ABAK-ControlEgresados/Proyecto/New Interfaces/Proyecto/php/loginVal.php:0
[07-May-2019 20:08:34 UTC] PHP Parse error:  syntax error, unexpected '}' in /home/ubuntu/workspace/DAW REPO/ABAK-ControlEgresados/Proyecto/New Interfaces/Proyecto/php/utils.php on line 740
[07-May-2019 20:08:34 UTC] PHP Stack trace:
[07-May-2019 20:08:34 UTC] PHP   1. {main}() /home/ubuntu/workspace/DAW REPO/ABAK-ControlEgresados/Proyecto/New Interfaces/Proyecto/php/selectGeneracion.php:0
[07-May-2019 20:08:34 UTC] PHP Parse error:  syntax error, unexpected '}' in /home/ubuntu/workspace/DAW REPO/ABAK-ControlEgresados/Proyecto/New Interfaces/Proyecto/php/utils.php on line 740
[07-May-2019 20:08:34 UTC] PHP Stack trace:
[07-May-2019 20:08:34 UTC] PHP   1. {main}() /home/ubuntu/workspace/DAW REPO/ABAK-ControlEgresados/Proyecto/New Interfaces/Proyecto/php/selectGrupo.php:0
[07-May-2019 20:08:34 UTC] PHP Parse error:  syntax error, unexpected '}' in /home/ubuntu/workspace/DAW REPO/ABAK-ControlEgresados/Proyecto/New Interfaces/Proyecto/php/utils.php on line 740
[07-May-2019 20:08:34 UTC] PHP Stack trace:
[07-May-2019 20:08:34 UTC] PHP   1. {main}() /home/ubuntu/workspace/DAW REPO/ABAK-ControlEgresados/Proyecto/New Interfaces/Proyecto/php/selectGrupo.php:0
[08-May-2019 03:34:07 UTC] PHP Warning:  mysqli_num_rows() expects parameter 1 to be mysqli_result, null given in /home/ubuntu/workspace/DAW REPO/ABAK-ControlEgresados/Proyecto/New Interfaces/Proyecto/php/verEncuestas.php on line 7
[08-May-2019 03:34:07 UTC] PHP Stack trace:
[08-May-2019 03:34:07 UTC] PHP   1. {main}() /home/ubuntu/workspace/DAW REPO/ABAK-ControlEgresados/Proyecto/New Interfaces/Proyecto/php/verEncuestas.php:0
[08-May-2019 03:34:07 UTC] PHP   2. mysqli_num_rows() /home/ubuntu/workspace/DAW REPO/ABAK-ControlEgresados/Proyecto/New Interfaces/Proyecto/php/verEncuestas.php:7
[08-May-2019 05:09:02 UTC] PHP Warning:  mysqli_num_rows() expects parameter 1 to be mysqli_result, null given in /home/ubuntu/workspace/DAW REPO/ABAK-ControlEgresados/Proyecto/New Interfaces/Proyecto/php/verEncuestas.php on line 7
[08-May-2019 05:09:02 UTC] PHP Stack trace:
[08-May-2019 05:09:02 UTC] PHP   1. {main}() /home/ubuntu/workspace/DAW REPO/ABAK-ControlEgresados/Proyecto/New Interfaces/Proyecto/php/verEncuestas.php:0
[08-May-2019 05:09:02 UTC] PHP   2. mysqli_num_rows() /home/ubuntu/workspace/DAW REPO/ABAK-ControlEgresados/Proyecto/New Interfaces/Proyecto/php/verEncuestas.php:7
[08-May-2019 05:09:02 UTC] PHP Warning:  mysqli_num_rows() expects parameter 1 to be mysqli_result, null given in /home/ubuntu/workspace/DAW REPO/ABAK-ControlEgresados/Proyecto/New Interfaces/Proyecto/php/verEncuestas.php on line 7
[08-May-2019 05:09:02 UTC] PHP Stack trace:
[08-May-2019 05:09:02 UTC] PHP   1. {main}() /home/ubuntu/workspace/DAW REPO/ABAK-ControlEgresados/Proyecto/New Interfaces/Proyecto/php/verEncuestas.php:0
[08-May-2019 05:09:02 UTC] PHP   2. mysqli_num_rows() /home/ubuntu/workspace/DAW REPO/ABAK-ControlEgresados/Proyecto/New Interfaces/Proyecto/php/verEncuestas.php:7
[08-May-2019 05:19:48 UTC] PHP Warning:  mysqli_num_rows() expects parameter 1 to be mysqli_result, null given in /home/ubuntu/workspace/DAW REPO/ABAK-ControlEgresados/Proyecto/New Interfaces/Proyecto/php/verEncuestas.php on line 7
[08-May-2019 05:19:48 UTC] PHP Stack trace:
[08-May-2019 05:19:48 UTC] PHP   1. {main}() /home/ubuntu/workspace/DAW REPO/ABAK-ControlEgresados/Proyecto/New Interfaces/Proyecto/php/verEncuestas.php:0
[08-May-2019 05:19:48 UTC] PHP   2. mysqli_num_rows() /home/ubuntu/workspace/DAW REPO/ABAK-ControlEgresados/Proyecto/New Interfaces/Proyecto/php/verEncuestas.php:7
[08-May-2019 05:21:37 UTC] PHP Warning:  mysqli_num_rows() expects parameter 1 to be mysqli_result, null given in /home/ubuntu/workspace/DAW REPO/ABAK-ControlEgresados/Proyecto/New Interfaces/Proyecto/php/verEncuestas.php on line 7
[08-May-2019 05:21:37 UTC] PHP Stack trace:
[08-May-2019 05:21:37 UTC] PHP   1. {main}() /home/ubuntu/workspace/DAW REPO/ABAK-ControlEgresados/Proyecto/New Interfaces/Proyecto/php/verEncuestas.php:0
[08-May-2019 05:21:37 UTC] PHP   2. mysqli_num_rows() /home/ubuntu/workspace/DAW REPO/ABAK-ControlEgresados/Proyecto/New Interfaces/Proyecto/php/verEncuestas.php:7
[08-May-2019 05:24:25 UTC] PHP Warning:  mysqli_num_rows() expects parameter 1 to be mysqli_result, null given in /home/ubuntu/workspace/DAW REPO/ABAK-ControlEgresados/Proyecto/New Interfaces/Proyecto/php/verEncuestas.php on line 7
[08-May-2019 05:24:25 UTC] PHP Stack trace:
[08-May-2019 05:24:25 UTC] PHP   1. {main}() /home/ubuntu/workspace/DAW REPO/ABAK-ControlEgresados/Proyecto/New Interfaces/Proyecto/php/verEncuestas.php:0
[08-May-2019 05:24:25 UTC] PHP   2. mysqli_num_rows() /home/ubuntu/workspace/DAW REPO/ABAK-ControlEgresados/Proyecto/New Interfaces/Proyecto/php/verEncuestas.php:7
[08-May-2019 05:24:49 UTC] PHP Warning:  mysqli_num_rows() expects parameter 1 to be mysqli_result, null given in /home/ubuntu/workspace/DAW REPO/ABAK-ControlEgresados/Proyecto/New Interfaces/Proyecto/php/verEncuestas.php on line 7
[08-May-2019 05:24:49 UTC] PHP Stack trace:
[08-May-2019 05:24:49 UTC] PHP   1. {main}() /home/ubuntu/workspace/DAW REPO/ABAK-ControlEgresados/Proyecto/New Interfaces/Proyecto/php/verEncuestas.php:0
[08-May-2019 05:24:49 UTC] PHP   2. mysqli_num_rows() /home/ubuntu/workspace/DAW REPO/ABAK-ControlEgresados/Proyecto/New Interfaces/Proyecto/php/verEncuestas.php:7
[08-May-2019 05:27:19 UTC] PHP Warning:  mysqli_num_rows() expects parameter 1 to be mysqli_result, null given in /home/ubuntu/workspace/DAW REPO/ABAK-ControlEgresados/Proyecto/New Interfaces/Proyecto/php/verEncuestas.php on line 7
[08-May-2019 05:27:19 UTC] PHP Stack trace:
[08-May-2019 05:27:19 UTC] PHP   1. {main}() /home/ubuntu/workspace/DAW REPO/ABAK-ControlEgresados/Proyecto/New Interfaces/Proyecto/php/verEncuestas.php:0
[08-May-2019 05:27:19 UTC] PHP   2. mysqli_num_rows() /home/ubuntu/workspace/DAW REPO/ABAK-ControlEgresados/Proyecto/New Interfaces/Proyecto/php/verEncuestas.php:7
[08-May-2019 05:28:21 UTC] PHP Warning:  mysqli_num_rows() expects parameter 1 to be mysqli_result, string given in /home/ubuntu/workspace/DAW REPO/ABAK-ControlEgresados/Proyecto/New Interfaces/Proyecto/php/verEncuestas.php on line 7
[08-May-2019 05:28:21 UTC] PHP Stack trace:
[08-May-2019 05:28:21 UTC] PHP   1. {main}() /home/ubuntu/workspace/DAW REPO/ABAK-ControlEgresados/Proyecto/New Interfaces/Proyecto/php/verEncuestas.php:0
[08-May-2019 05:28:21 UTC] PHP   2. mysqli_num_rows() /home/ubuntu/workspace/DAW REPO/ABAK-ControlEgresados/Proyecto/New Interfaces/Proyecto/php/verEncuestas.php:7
[08-May-2019 17:09:31 UTC] PHP Warning:  mysqli_query() expects parameter 1 to be mysqli, null given in /home/ubuntu/workspace/DAW REPO/ABAK-ControlEgresados/Proyecto/New Interfaces/Proyecto/php/registrarAlumnos.php on line 18
[08-May-2019 17:09:31 UTC] PHP Stack trace:
[08-May-2019 17:09:31 UTC] PHP   1. {main}() /home/ubuntu/workspace/DAW REPO/ABAK-ControlEgresados/Proyecto/New Interfaces/Proyecto/php/registrarAlumnos.php:0
[08-May-2019 17:09:31 UTC] PHP   2. mysqli_query() /home/ubuntu/workspace/DAW REPO/ABAK-ControlEgresados/Proyecto/New Interfaces/Proyecto/php/registrarAlumnos.php:18
[10-May-2019 17:03:57 UTC] PHP Warning:  mysqli_num_rows() expects parameter 1 to be mysqli_result, boolean given in /home/ubuntu/workspace/DAW REPO/ABAK-ControlEgresados/Proyecto/New Interfaces/Proyecto/php/utils.php on line 49
[10-May-2019 17:03:57 UTC] PHP Stack trace:
[10-May-2019 17:03:57 UTC] PHP   1. {main}() /home/ubuntu/workspace/DAW REPO/ABAK-ControlEgresados/Proyecto/New Interfaces/Proyecto/php/checkPassword.php:0
[10-May-2019 17:03:57 UTC] PHP   2. get_password() /home/ubuntu/workspace/DAW REPO/ABAK-ControlEgresados/Proyecto/New Interfaces/Proyecto/php/checkPassword.php:5
[10-May-2019 17:03:57 UTC] PHP   3. mysqli_num_rows() /home/ubuntu/workspace/DAW REPO/ABAK-ControlEgresados/Proyecto/New Interfaces/Proyecto/php/utils.php:49
[10-May-2019 17:04:13 UTC] PHP Warning:  mysqli_num_rows() expects parameter 1 to be mysqli_result, boolean given in /home/ubuntu/workspace/DAW REPO/ABAK-ControlEgresados/Proyecto/New Interfaces/Proyecto/php/utils.php on line 49
[10-May-2019 17:04:13 UTC] PHP Stack trace:
[10-May-2019 17:04:13 UTC] PHP   1. {main}() /home/ubuntu/workspace/DAW REPO/ABAK-ControlEgresados/Proyecto/New Interfaces/Proyecto/php/checkPassword.php:0
[10-May-2019 17:04:13 UTC] PHP   2. get_password() /home/ubuntu/workspace/DAW REPO/ABAK-ControlEgresados/Proyecto/New Interfaces/Proyecto/php/checkPassword.php:5
[10-May-2019 17:04:13 UTC] PHP   3. mysqli_num_rows() /home/ubuntu/workspace/DAW REPO/ABAK-ControlEgresados/Proyecto/New Interfaces/Proyecto/php/utils.php:49
[10-May-2019 17:05:13 UTC] PHP Warning:  mysqli_num_rows() expects parameter 1 to be mysqli_result, boolean given in /home/ubuntu/workspace/DAW REPO/ABAK-ControlEgresados/Proyecto/New Interfaces/Proyecto/php/utils.php on line 49
[10-May-2019 17:05:13 UTC] PHP Stack trace:
[10-May-2019 17:05:13 UTC] PHP   1. {main}() /home/ubuntu/workspace/DAW REPO/ABAK-ControlEgresados/Proyecto/New Interfaces/Proyecto/php/checkPassword.php:0
[10-May-2019 17:05:13 UTC] PHP   2. get_password() /home/ubuntu/workspace/DAW REPO/ABAK-ControlEgresados/Proyecto/New Interfaces/Proyecto/php/checkPassword.php:5
[10-May-2019 17:05:13 UTC] PHP   3. mysqli_num_rows() /home/ubuntu/workspace/DAW REPO/ABAK-ControlEgresados/Proyecto/New Interfaces/Proyecto/php/utils.php:49
[10-May-2019 17:06:03 UTC] PHP Warning:  mysqli_num_rows() expects parameter 1 to be mysqli_result, boolean given in /home/ubuntu/workspace/DAW REPO/ABAK-ControlEgresados/Proyecto/New Interfaces/Proyecto/php/utils.php on line 49
[10-May-2019 17:06:03 UTC] PHP Stack trace:
[10-May-2019 17:06:03 UTC] PHP   1. {main}() /home/ubuntu/workspace/DAW REPO/ABAK-ControlEgresados/Proyecto/New Interfaces/Proyecto/php/checkPassword.php:0
[10-May-2019 17:06:03 UTC] PHP   2. get_password() /home/ubuntu/workspace/DAW REPO/ABAK-ControlEgresados/Proyecto/New Interfaces/Proyecto/php/checkPassword.php:5
[10-May-2019 17:06:03 UTC] PHP   3. mysqli_num_rows() /home/ubuntu/workspace/DAW REPO/ABAK-ControlEgresados/Proyecto/New Interfaces/Proyecto/php/utils.php:49
[10-May-2019 17:07:12 UTC] PHP Warning:  mysqli_num_rows() expects parameter 1 to be mysqli_result, boolean given in /home/ubuntu/workspace/DAW REPO/ABAK-ControlEgresados/Proyecto/New Interfaces/Proyecto/php/utils.php on line 49
[10-May-2019 17:07:12 UTC] PHP Stack trace:
[10-May-2019 17:07:12 UTC] PHP   1. {main}() /home/ubuntu/workspace/DAW REPO/ABAK-ControlEgresados/Proyecto/New Interfaces/Proyecto/php/checkPassword.php:0
[10-May-2019 17:07:12 UTC] PHP   2. get_password() /home/ubuntu/workspace/DAW REPO/ABAK-ControlEgresados/Proyecto/New Interfaces/Proyecto/php/checkPassword.php:5
[10-May-2019 17:07:12 UTC] PHP   3. mysqli_num_rows() /home/ubuntu/workspace/DAW REPO/ABAK-ControlEgresados/Proyecto/New Interfaces/Proyecto/php/utils.php:49
[15-May-2019 18:33:47 UTC] PHP Fatal error:  Cannot pass parameter 3 by reference in /home/ubuntu/workspace/DAW REPO/ABAK-ControlEgresados/Proyecto/New Interfaces/Proyecto/php/utils.php on line 541
[15-May-2019 18:33:47 UTC] PHP Stack trace:
[15-May-2019 18:33:47 UTC] PHP   1. {main}() /home/ubuntu/workspace/DAW REPO/ABAK-ControlEgresados/Proyecto/New Interfaces/Proyecto/php/registrarAlumno.php:0
[15-May-2019 18:33:47 UTC] PHP   2. register_student() /home/ubuntu/workspace/DAW REPO/ABAK-ControlEgresados/Proyecto/New Interfaces/Proyecto/php/registrarAlumno.php:22
[15-May-2019 18:34:46 UTC] PHP Fatal error:  Cannot pass parameter 3 by reference in /home/ubuntu/workspace/DAW REPO/ABAK-ControlEgresados/Proyecto/New Interfaces/Proyecto/php/utils.php on line 541
[15-May-2019 18:34:46 UTC] PHP Stack trace:
[15-May-2019 18:34:46 UTC] PHP   1. {main}() /home/ubuntu/workspace/DAW REPO/ABAK-ControlEgresados/Proyecto/New Interfaces/Proyecto/php/registrarAlumno.php:0
[15-May-2019 18:34:46 UTC] PHP   2. register_student() /home/ubuntu/workspace/DAW REPO/ABAK-ControlEgresados/Proyecto/New Interfaces/Proyecto/php/registrarAlumno.php:22
[15-May-2019 18:39:02 UTC] PHP Fatal error:  Cannot pass parameter 3 by reference in /home/ubuntu/workspace/DAW REPO/ABAK-ControlEgresados/Proyecto/New Interfaces/Proyecto/php/utils.php on line 541
[15-May-2019 18:39:02 UTC] PHP Stack trace:
[15-May-2019 18:39:02 UTC] PHP   1. {main}() /home/ubuntu/workspace/DAW REPO/ABAK-ControlEgresados/Proyecto/New Interfaces/Proyecto/php/registrarAlumno.php:0
[15-May-2019 18:39:02 UTC] PHP   2. register_student() /home/ubuntu/workspace/DAW REPO/ABAK-ControlEgresados/Proyecto/New Interfaces/Proyecto/php/registrarAlumno.php:22
[16-May-2019 03:46:14 UTC] PHP Warning:  Division by zero in /home/ubuntu/workspace/DAW REPO/ABAK-ControlEgresados/Proyecto/New Interfaces/Proyecto/php/verEncuestas.php on line 17
[16-May-2019 03:46:14 UTC] PHP Stack trace:
[16-May-2019 03:46:14 UTC] PHP   1. {main}() /home/ubuntu/workspace/DAW REPO/ABAK-ControlEgresados/Proyecto/New Interfaces/Proyecto/php/verEncuestas.php:0
[16-May-2019 03:46:14 UTC] PHP Warning:  Division by zero in /home/ubuntu/workspace/DAW REPO/ABAK-ControlEgresados/Proyecto/New Interfaces/Proyecto/php/verEncuestas.php on line 18
[16-May-2019 03:46:14 UTC] PHP Stack trace:
[16-May-2019 03:46:14 UTC] PHP   1. {main}() /home/ubuntu/workspace/DAW REPO/ABAK-ControlEgresados/Proyecto/New Interfaces/Proyecto/php/verEncuestas.php:0
[16-May-2019 03:46:14 UTC] PHP Warning:  Division by zero in /home/ubuntu/workspace/DAW REPO/ABAK-ControlEgresados/Proyecto/New Interfaces/Proyecto/php/verEncuestas.php on line 19
[16-May-2019 03:46:14 UTC] PHP Stack trace:
[16-May-2019 03:46:14 UTC] PHP   1. {main}() /home/ubuntu/workspace/DAW REPO/ABAK-ControlEgresados/Proyecto/New Interfaces/Proyecto/php/verEncuestas.php:0
[16-May-2019 03:54:42 UTC] PHP Warning:  Division by zero in /home/ubuntu/workspace/DAW REPO/ABAK-ControlEgresados/Proyecto/New Interfaces/Proyecto/php/verEncuestas.php on line 17
[16-May-2019 03:54:42 UTC] PHP Stack trace:
[16-May-2019 03:54:42 UTC] PHP   1. {main}() /home/ubuntu/workspace/DAW REPO/ABAK-ControlEgresados/Proyecto/New Interfaces/Proyecto/php/verEncuestas.php:0
[16-May-2019 03:54:42 UTC] PHP Warning:  Division by zero in /home/ubuntu/workspace/DAW REPO/ABAK-ControlEgresados/Proyecto/New Interfaces/Proyecto/php/verEncuestas.php on line 18
[16-May-2019 03:54:42 UTC] PHP Stack trace:
[16-May-2019 03:54:42 UTC] PHP   1. {main}() /home/ubuntu/workspace/DAW REPO/ABAK-ControlEgresados/Proyecto/New Interfaces/Proyecto/php/verEncuestas.php:0
[16-May-2019 03:54:42 UTC] PHP Warning:  Division by zero in /home/ubuntu/workspace/DAW REPO/ABAK-ControlEgresados/Proyecto/New Interfaces/Proyecto/php/verEncuestas.php on line 19
[16-May-2019 03:54:42 UTC] PHP Stack trace:
[16-May-2019 03:54:42 UTC] PHP   1. {main}() /home/ubuntu/workspace/DAW REPO/ABAK-ControlEgresados/Proyecto/New Interfaces/Proyecto/php/verEncuestas.php:0
[16-May-2019 03:56:18 UTC] PHP Warning:  Division by zero in /home/ubuntu/workspace/DAW REPO/ABAK-ControlEgresados/Proyecto/New Interfaces/Proyecto/php/verEncuestas.php on line 17
[16-May-2019 03:56:18 UTC] PHP Stack trace:
[16-May-2019 03:56:18 UTC] PHP   1. {main}() /home/ubuntu/workspace/DAW REPO/ABAK-ControlEgresados/Proyecto/New Interfaces/Proyecto/php/verEncuestas.php:0
[16-May-2019 03:56:18 UTC] PHP Warning:  Division by zero in /home/ubuntu/workspace/DAW REPO/ABAK-ControlEgresados/Proyecto/New Interfaces/Proyecto/php/verEncuestas.php on line 18
[16-May-2019 03:56:18 UTC] PHP Stack trace:
[16-May-2019 03:56:18 UTC] PHP   1. {main}() /home/ubuntu/workspace/DAW REPO/ABAK-ControlEgresados/Proyecto/New Interfaces/Proyecto/php/verEncuestas.php:0
[16-May-2019 03:56:18 UTC] PHP Warning:  Division by zero in /home/ubuntu/workspace/DAW REPO/ABAK-ControlEgresados/Proyecto/New Interfaces/Proyecto/php/verEncuestas.php on line 19
[16-May-2019 03:56:18 UTC] PHP Stack trace:
[16-May-2019 03:56:18 UTC] PHP   1. {main}() /home/ubuntu/workspace/DAW REPO/ABAK-ControlEgresados/Proyecto/New Interfaces/Proyecto/php/verEncuestas.php:0
